Copyright 1986-2019 Xilinx, Inc. All Rights Reserved.
-----------------------------------------------------------------------------------------------------------------------------------------------------------------------------------------------
| Tool Version : Vivado v.2019.1 (win64) Build 2552052 Fri May 24 14:49:42 MDT 2019
| Date         : Sat Jan  7 14:19:29 2023
| Host         : yz running 64-bit major release  (build 9200)
| Command      : report_timing_summary -max_paths 10 -file MIPS_CPU_timing_summary_routed.rpt -pb MIPS_CPU_timing_summary_routed.pb -rpx MIPS_CPU_timing_summary_routed.rpx -warn_on_violation
| Design       : MIPS_CPU
| Device       : 7a35t-csg324
| Speed File   : -1  PRODUCTION 1.23 2018-06-13
-----------------------------------------------------------------------------------------------------------------------------------------------------------------------------------------------

Timing Summary Report

------------------------------------------------------------------------------------------------
| Timer Settings
| --------------
------------------------------------------------------------------------------------------------

  Enable Multi Corner Analysis               :  Yes
  Enable Pessimism Removal                   :  Yes
  Pessimism Removal Resolution               :  Nearest Common Node
  Enable Input Delay Default Clock           :  No
  Enable Preset / Clear Arcs                 :  No
  Disable Flight Delays                      :  No
  Ignore I/O Paths                           :  No
  Timing Early Launch at Borrowing Latches   :  No
  Borrow Time for Max Delay Exceptions       :  Yes

  Corner  Analyze    Analyze    
  Name    Max Paths  Min Paths  
  ------  ---------  ---------  
  Slow    Yes        Yes        
  Fast    Yes        Yes        



check_timing report

Table of Contents
-----------------
1. checking no_clock
2. checking constant_clock
3. checking pulse_width_clock
4. checking unconstrained_internal_endpoints
5. checking no_input_delay
6. checking no_output_delay
7. checking multiple_clock
8. checking generated_clocks
9. checking loops
10. checking partial_input_delay
11. checking partial_output_delay
12. checking latch_loops

1. checking no_clock
--------------------
 There are 472 register/latch pins with no clock driven by root clock pin: clock (HIGH)

 There are 20 register/latch pins with no clock driven by root clock pin: CPU/AR/Instruction_ID_reg[0]/Q (HIGH)

 There are 20 register/latch pins with no clock driven by root clock pin: CPU/AR/Instruction_ID_reg[15]/Q (HIGH)

 There are 20 register/latch pins with no clock driven by root clock pin: CPU/AR/Instruction_ID_reg[17]/Q (HIGH)

 There are 20 register/latch pins with no clock driven by root clock pin: CPU/AR/Instruction_ID_reg[18]/Q (HIGH)

 There are 20 register/latch pins with no clock driven by root clock pin: CPU/AR/Instruction_ID_reg[19]/Q (HIGH)

 There are 20 register/latch pins with no clock driven by root clock pin: CPU/AR/Instruction_ID_reg[1]/Q (HIGH)

 There are 2 register/latch pins with no clock driven by root clock pin: CPU/AR/Instruction_ID_reg[21]/Q (HIGH)

 There are 2 register/latch pins with no clock driven by root clock pin: CPU/AR/Instruction_ID_reg[22]/Q (HIGH)

 There are 2 register/latch pins with no clock driven by root clock pin: CPU/AR/Instruction_ID_reg[23]/Q (HIGH)

 There are 2 register/latch pins with no clock driven by root clock pin: CPU/AR/Instruction_ID_reg[24]/Q (HIGH)

 There are 20 register/latch pins with no clock driven by root clock pin: CPU/AR/Instruction_ID_reg[26]/Q (HIGH)

 There are 20 register/latch pins with no clock driven by root clock pin: CPU/AR/Instruction_ID_reg[27]/Q (HIGH)

 There are 20 register/latch pins with no clock driven by root clock pin: CPU/AR/Instruction_ID_reg[28]/Q (HIGH)

 There are 20 register/latch pins with no clock driven by root clock pin: CPU/AR/Instruction_ID_reg[29]/Q (HIGH)

 There are 20 register/latch pins with no clock driven by root clock pin: CPU/AR/Instruction_ID_reg[2]/Q (HIGH)

 There are 20 register/latch pins with no clock driven by root clock pin: CPU/AR/Instruction_ID_reg[31]/Q (HIGH)

 There are 20 register/latch pins with no clock driven by root clock pin: CPU/AR/Instruction_ID_reg[3]/Q (HIGH)

 There are 20 register/latch pins with no clock driven by root clock pin: CPU/AR/Instruction_ID_reg[5]/Q (HIGH)

 There are 34 register/latch pins with no clock driven by root clock pin: CPU/CU/ControlSignal_reg[10]/Q (HIGH)

 There are 34 register/latch pins with no clock driven by root clock pin: CPU/CU/ControlSignal_reg[11]/Q (HIGH)

 There are 34 register/latch pins with no clock driven by root clock pin: CPU/CU/ControlSignal_reg[9]/Q (HIGH)

 There is 1 register/latch pin with no clock driven by root clock pin: CPU/DR/AluResult_MEM_reg[0]/Q (HIGH)

 There is 1 register/latch pin with no clock driven by root clock pin: CPU/DR/AluResult_MEM_reg[10]/Q (HIGH)

 There is 1 register/latch pin with no clock driven by root clock pin: CPU/DR/AluResult_MEM_reg[11]/Q (HIGH)

 There is 1 register/latch pin with no clock driven by root clock pin: CPU/DR/AluResult_MEM_reg[12]/Q (HIGH)

 There is 1 register/latch pin with no clock driven by root clock pin: CPU/DR/AluResult_MEM_reg[13]/Q (HIGH)

 There is 1 register/latch pin with no clock driven by root clock pin: CPU/DR/AluResult_MEM_reg[14]/Q (HIGH)

 There is 1 register/latch pin with no clock driven by root clock pin: CPU/DR/AluResult_MEM_reg[15]/Q (HIGH)

 There is 1 register/latch pin with no clock driven by root clock pin: CPU/DR/AluResult_MEM_reg[16]/Q (HIGH)

 There is 1 register/latch pin with no clock driven by root clock pin: CPU/DR/AluResult_MEM_reg[17]/Q (HIGH)

 There is 1 register/latch pin with no clock driven by root clock pin: CPU/DR/AluResult_MEM_reg[18]/Q (HIGH)

 There is 1 register/latch pin with no clock driven by root clock pin: CPU/DR/AluResult_MEM_reg[19]/Q (HIGH)

 There is 1 register/latch pin with no clock driven by root clock pin: CPU/DR/AluResult_MEM_reg[1]/Q (HIGH)

 There is 1 register/latch pin with no clock driven by root clock pin: CPU/DR/AluResult_MEM_reg[20]/Q (HIGH)

 There is 1 register/latch pin with no clock driven by root clock pin: CPU/DR/AluResult_MEM_reg[21]/Q (HIGH)

 There is 1 register/latch pin with no clock driven by root clock pin: CPU/DR/AluResult_MEM_reg[22]/Q (HIGH)

 There is 1 register/latch pin with no clock driven by root clock pin: CPU/DR/AluResult_MEM_reg[23]/Q (HIGH)

 There is 1 register/latch pin with no clock driven by root clock pin: CPU/DR/AluResult_MEM_reg[24]/Q (HIGH)

 There is 1 register/latch pin with no clock driven by root clock pin: CPU/DR/AluResult_MEM_reg[25]/Q (HIGH)

 There is 1 register/latch pin with no clock driven by root clock pin: CPU/DR/AluResult_MEM_reg[26]/Q (HIGH)

 There is 1 register/latch pin with no clock driven by root clock pin: CPU/DR/AluResult_MEM_reg[27]/Q (HIGH)

 There is 1 register/latch pin with no clock driven by root clock pin: CPU/DR/AluResult_MEM_reg[28]/Q (HIGH)

 There is 1 register/latch pin with no clock driven by root clock pin: CPU/DR/AluResult_MEM_reg[29]/Q (HIGH)

 There are 4097 register/latch pins with no clock driven by root clock pin: CPU/DR/AluResult_MEM_reg[2]/Q (HIGH)

 There is 1 register/latch pin with no clock driven by root clock pin: CPU/DR/AluResult_MEM_reg[30]/Q (HIGH)

 There is 1 register/latch pin with no clock driven by root clock pin: CPU/DR/AluResult_MEM_reg[31]/Q (HIGH)

 There are 4097 register/latch pins with no clock driven by root clock pin: CPU/DR/AluResult_MEM_reg[3]/Q (HIGH)

 There are 4097 register/latch pins with no clock driven by root clock pin: CPU/DR/AluResult_MEM_reg[4]/Q (HIGH)

 There are 4097 register/latch pins with no clock driven by root clock pin: CPU/DR/AluResult_MEM_reg[5]_rep__0/Q (HIGH)

 There are 4097 register/latch pins with no clock driven by root clock pin: CPU/DR/AluResult_MEM_reg[6]/Q (HIGH)

 There are 4097 register/latch pins with no clock driven by root clock pin: CPU/DR/AluResult_MEM_reg[7]/Q (HIGH)

 There are 4097 register/latch pins with no clock driven by root clock pin: CPU/DR/AluResult_MEM_reg[8]/Q (HIGH)

 There is 1 register/latch pin with no clock driven by root clock pin: CPU/DR/AluResult_MEM_reg[9]/Q (HIGH)

 There are 2 register/latch pins with no clock driven by root clock pin: CPU/DR/MemRead_MEM_reg[0]/Q (HIGH)

 There are 2 register/latch pins with no clock driven by root clock pin: CPU/DR/MemRead_MEM_reg[1]/Q (HIGH)

 There are 2 register/latch pins with no clock driven by root clock pin: CPU/DR/MemRead_MEM_reg[2]/Q (HIGH)

 There are 4096 register/latch pins with no clock driven by root clock pin: CPU/DR/MemWrite_MEM_reg[0]/Q (HIGH)

 There are 4096 register/latch pins with no clock driven by root clock pin: CPU/DR/MemWrite_MEM_reg[1]/Q (HIGH)

 There is 1 register/latch pin with no clock driven by root clock pin: CPU/DR/RegWrite_MEM_reg/Q (HIGH)

 There are 3 register/latch pins with no clock driven by root clock pin: CPU/DR/WriteRegAddr_MEM_reg[0]/Q (HIGH)

 There are 3 register/latch pins with no clock driven by root clock pin: CPU/DR/WriteRegAddr_MEM_reg[1]/Q (HIGH)

 There are 3 register/latch pins with no clock driven by root clock pin: CPU/DR/WriteRegAddr_MEM_reg[2]/Q (HIGH)

 There are 3 register/latch pins with no clock driven by root clock pin: CPU/DR/WriteRegAddr_MEM_reg[3]/Q (HIGH)

 There are 3 register/latch pins with no clock driven by root clock pin: CPU/DR/WriteRegAddr_MEM_reg[4]/Q (HIGH)

 There is 1 register/latch pin with no clock driven by root clock pin: CPU/IR/AluOpcode_EX_reg[0]/Q (HIGH)

 There is 1 register/latch pin with no clock driven by root clock pin: CPU/IR/AluOpcode_EX_reg[1]/Q (HIGH)

 There is 1 register/latch pin with no clock driven by root clock pin: CPU/IR/AluOpcode_EX_reg[2]/Q (HIGH)

 There is 1 register/latch pin with no clock driven by root clock pin: CPU/IR/AluOpcode_EX_reg[3]/Q (HIGH)

 There is 1 register/latch pin with no clock driven by root clock pin: CPU/IR/AluOpcode_EX_reg[4]/Q (HIGH)

 There is 1 register/latch pin with no clock driven by root clock pin: CPU/IR/AluSrc1Signal_EX_reg/Q (HIGH)

 There is 1 register/latch pin with no clock driven by root clock pin: CPU/IR/AluSrc2Signal_EX_reg/Q (HIGH)

 There is 1 register/latch pin with no clock driven by root clock pin: CPU/IR/Imm32_EX_reg[0]/Q (HIGH)

 There are 3 register/latch pins with no clock driven by root clock pin: CPU/IR/Imm32_EX_reg[11]/Q (HIGH)

 There are 3 register/latch pins with no clock driven by root clock pin: CPU/IR/Imm32_EX_reg[12]/Q (HIGH)

 There are 3 register/latch pins with no clock driven by root clock pin: CPU/IR/Imm32_EX_reg[13]/Q (HIGH)

 There are 3 register/latch pins with no clock driven by root clock pin: CPU/IR/Imm32_EX_reg[14]/Q (HIGH)

 There are 3 register/latch pins with no clock driven by root clock pin: CPU/IR/Imm32_EX_reg[15]/Q (HIGH)

 There is 1 register/latch pin with no clock driven by root clock pin: CPU/IR/Imm32_EX_reg[1]/Q (HIGH)

 There is 1 register/latch pin with no clock driven by root clock pin: CPU/IR/Imm32_EX_reg[2]/Q (HIGH)

 There is 1 register/latch pin with no clock driven by root clock pin: CPU/IR/Imm32_EX_reg[31]/Q (HIGH)

 There is 1 register/latch pin with no clock driven by root clock pin: CPU/IR/Imm32_EX_reg[3]/Q (HIGH)

 There is 1 register/latch pin with no clock driven by root clock pin: CPU/IR/Imm32_EX_reg[5]/Q (HIGH)

 There is 1 register/latch pin with no clock driven by root clock pin: CPU/IR/Imm32_EX_reg[6]/Q (HIGH)

 There is 1 register/latch pin with no clock driven by root clock pin: CPU/IR/Imm32_EX_reg[7]/Q (HIGH)

 There is 1 register/latch pin with no clock driven by root clock pin: CPU/IR/Imm32_EX_reg[8]/Q (HIGH)

 There is 1 register/latch pin with no clock driven by root clock pin: CPU/IR/Imm32_EX_reg[9]/Q (HIGH)

 There is 1 register/latch pin with no clock driven by root clock pin: CPU/IR/JumpSignal_EX_reg[0]/Q (HIGH)

 There is 1 register/latch pin with no clock driven by root clock pin: CPU/IR/JumpSignal_EX_reg[1]/Q (HIGH)

 There is 1 register/latch pin with no clock driven by root clock pin: CPU/IR/JumpSignal_EX_reg[2]/Q (HIGH)

 There are 4 register/latch pins with no clock driven by root clock pin: CPU/IR/MemRead_EX_reg[0]/Q (HIGH)

 There are 4 register/latch pins with no clock driven by root clock pin: CPU/IR/MemRead_EX_reg[1]/Q (HIGH)

 There are 2 register/latch pins with no clock driven by root clock pin: CPU/IR/MemRead_EX_reg[2]/Q (HIGH)

 There are 3 register/latch pins with no clock driven by root clock pin: CPU/IR/MemWrite_EX_reg[0]/Q (HIGH)

 There are 3 register/latch pins with no clock driven by root clock pin: CPU/IR/MemWrite_EX_reg[1]/Q (HIGH)

 There is 1 register/latch pin with no clock driven by root clock pin: CPU/IR/PC_EX_reg[0]/Q (HIGH)

 There is 1 register/latch pin with no clock driven by root clock pin: CPU/IR/PC_EX_reg[10]/Q (HIGH)

 There is 1 register/latch pin with no clock driven by root clock pin: CPU/IR/PC_EX_reg[11]/Q (HIGH)

 There is 1 register/latch pin with no clock driven by root clock pin: CPU/IR/PC_EX_reg[12]/Q (HIGH)

 There is 1 register/latch pin with no clock driven by root clock pin: CPU/IR/PC_EX_reg[13]/Q (HIGH)

 There is 1 register/latch pin with no clock driven by root clock pin: CPU/IR/PC_EX_reg[14]/Q (HIGH)

 There is 1 register/latch pin with no clock driven by root clock pin: CPU/IR/PC_EX_reg[15]/Q (HIGH)

 There is 1 register/latch pin with no clock driven by root clock pin: CPU/IR/PC_EX_reg[16]/Q (HIGH)

 There is 1 register/latch pin with no clock driven by root clock pin: CPU/IR/PC_EX_reg[17]/Q (HIGH)

 There is 1 register/latch pin with no clock driven by root clock pin: CPU/IR/PC_EX_reg[18]/Q (HIGH)

 There is 1 register/latch pin with no clock driven by root clock pin: CPU/IR/PC_EX_reg[19]/Q (HIGH)

 There is 1 register/latch pin with no clock driven by root clock pin: CPU/IR/PC_EX_reg[1]/Q (HIGH)

 There is 1 register/latch pin with no clock driven by root clock pin: CPU/IR/PC_EX_reg[20]/Q (HIGH)

 There is 1 register/latch pin with no clock driven by root clock pin: CPU/IR/PC_EX_reg[21]/Q (HIGH)

 There is 1 register/latch pin with no clock driven by root clock pin: CPU/IR/PC_EX_reg[22]/Q (HIGH)

 There is 1 register/latch pin with no clock driven by root clock pin: CPU/IR/PC_EX_reg[23]/Q (HIGH)

 There is 1 register/latch pin with no clock driven by root clock pin: CPU/IR/PC_EX_reg[24]/Q (HIGH)

 There is 1 register/latch pin with no clock driven by root clock pin: CPU/IR/PC_EX_reg[25]/Q (HIGH)

 There is 1 register/latch pin with no clock driven by root clock pin: CPU/IR/PC_EX_reg[26]/Q (HIGH)

 There is 1 register/latch pin with no clock driven by root clock pin: CPU/IR/PC_EX_reg[27]/Q (HIGH)

 There is 1 register/latch pin with no clock driven by root clock pin: CPU/IR/PC_EX_reg[28]/Q (HIGH)

 There is 1 register/latch pin with no clock driven by root clock pin: CPU/IR/PC_EX_reg[29]/Q (HIGH)

 There is 1 register/latch pin with no clock driven by root clock pin: CPU/IR/PC_EX_reg[2]/Q (HIGH)

 There is 1 register/latch pin with no clock driven by root clock pin: CPU/IR/PC_EX_reg[30]/Q (HIGH)

 There is 1 register/latch pin with no clock driven by root clock pin: CPU/IR/PC_EX_reg[31]/Q (HIGH)

 There is 1 register/latch pin with no clock driven by root clock pin: CPU/IR/PC_EX_reg[3]/Q (HIGH)

 There is 1 register/latch pin with no clock driven by root clock pin: CPU/IR/PC_EX_reg[4]/Q (HIGH)

 There is 1 register/latch pin with no clock driven by root clock pin: CPU/IR/PC_EX_reg[5]/Q (HIGH)

 There is 1 register/latch pin with no clock driven by root clock pin: CPU/IR/PC_EX_reg[6]/Q (HIGH)

 There is 1 register/latch pin with no clock driven by root clock pin: CPU/IR/PC_EX_reg[7]/Q (HIGH)

 There is 1 register/latch pin with no clock driven by root clock pin: CPU/IR/PC_EX_reg[8]/Q (HIGH)

 There is 1 register/latch pin with no clock driven by root clock pin: CPU/IR/PC_EX_reg[9]/Q (HIGH)

 There is 1 register/latch pin with no clock driven by root clock pin: CPU/IR/ReadRegData1_EX_reg[0]/Q (HIGH)

 There is 1 register/latch pin with no clock driven by root clock pin: CPU/IR/ReadRegData1_EX_reg[10]/Q (HIGH)

 There is 1 register/latch pin with no clock driven by root clock pin: CPU/IR/ReadRegData1_EX_reg[11]/Q (HIGH)

 There is 1 register/latch pin with no clock driven by root clock pin: CPU/IR/ReadRegData1_EX_reg[12]/Q (HIGH)

 There is 1 register/latch pin with no clock driven by root clock pin: CPU/IR/ReadRegData1_EX_reg[13]/Q (HIGH)

 There is 1 register/latch pin with no clock driven by root clock pin: CPU/IR/ReadRegData1_EX_reg[14]/Q (HIGH)

 There is 1 register/latch pin with no clock driven by root clock pin: CPU/IR/ReadRegData1_EX_reg[15]/Q (HIGH)

 There is 1 register/latch pin with no clock driven by root clock pin: CPU/IR/ReadRegData1_EX_reg[16]/Q (HIGH)

 There is 1 register/latch pin with no clock driven by root clock pin: CPU/IR/ReadRegData1_EX_reg[17]/Q (HIGH)

 There is 1 register/latch pin with no clock driven by root clock pin: CPU/IR/ReadRegData1_EX_reg[18]/Q (HIGH)

 There is 1 register/latch pin with no clock driven by root clock pin: CPU/IR/ReadRegData1_EX_reg[19]/Q (HIGH)

 There is 1 register/latch pin with no clock driven by root clock pin: CPU/IR/ReadRegData1_EX_reg[1]/Q (HIGH)

 There is 1 register/latch pin with no clock driven by root clock pin: CPU/IR/ReadRegData1_EX_reg[20]/Q (HIGH)

 There is 1 register/latch pin with no clock driven by root clock pin: CPU/IR/ReadRegData1_EX_reg[21]/Q (HIGH)

 There is 1 register/latch pin with no clock driven by root clock pin: CPU/IR/ReadRegData1_EX_reg[22]/Q (HIGH)

 There is 1 register/latch pin with no clock driven by root clock pin: CPU/IR/ReadRegData1_EX_reg[23]/Q (HIGH)

 There is 1 register/latch pin with no clock driven by root clock pin: CPU/IR/ReadRegData1_EX_reg[24]/Q (HIGH)

 There is 1 register/latch pin with no clock driven by root clock pin: CPU/IR/ReadRegData1_EX_reg[25]/Q (HIGH)

 There is 1 register/latch pin with no clock driven by root clock pin: CPU/IR/ReadRegData1_EX_reg[26]/Q (HIGH)

 There is 1 register/latch pin with no clock driven by root clock pin: CPU/IR/ReadRegData1_EX_reg[27]/Q (HIGH)

 There is 1 register/latch pin with no clock driven by root clock pin: CPU/IR/ReadRegData1_EX_reg[28]/Q (HIGH)

 There is 1 register/latch pin with no clock driven by root clock pin: CPU/IR/ReadRegData1_EX_reg[29]/Q (HIGH)

 There is 1 register/latch pin with no clock driven by root clock pin: CPU/IR/ReadRegData1_EX_reg[2]/Q (HIGH)

 There is 1 register/latch pin with no clock driven by root clock pin: CPU/IR/ReadRegData1_EX_reg[30]/Q (HIGH)

 There is 1 register/latch pin with no clock driven by root clock pin: CPU/IR/ReadRegData1_EX_reg[31]/Q (HIGH)

 There is 1 register/latch pin with no clock driven by root clock pin: CPU/IR/ReadRegData1_EX_reg[3]/Q (HIGH)

 There is 1 register/latch pin with no clock driven by root clock pin: CPU/IR/ReadRegData1_EX_reg[4]/Q (HIGH)

 There is 1 register/latch pin with no clock driven by root clock pin: CPU/IR/ReadRegData1_EX_reg[5]/Q (HIGH)

 There is 1 register/latch pin with no clock driven by root clock pin: CPU/IR/ReadRegData1_EX_reg[6]/Q (HIGH)

 There is 1 register/latch pin with no clock driven by root clock pin: CPU/IR/ReadRegData1_EX_reg[7]/Q (HIGH)

 There is 1 register/latch pin with no clock driven by root clock pin: CPU/IR/ReadRegData1_EX_reg[8]/Q (HIGH)

 There is 1 register/latch pin with no clock driven by root clock pin: CPU/IR/ReadRegData1_EX_reg[9]/Q (HIGH)

 There is 1 register/latch pin with no clock driven by root clock pin: CPU/IR/ReadRegData2_EX_reg[0]/Q (HIGH)

 There is 1 register/latch pin with no clock driven by root clock pin: CPU/IR/ReadRegData2_EX_reg[10]/Q (HIGH)

 There is 1 register/latch pin with no clock driven by root clock pin: CPU/IR/ReadRegData2_EX_reg[11]/Q (HIGH)

 There is 1 register/latch pin with no clock driven by root clock pin: CPU/IR/ReadRegData2_EX_reg[12]/Q (HIGH)

 There is 1 register/latch pin with no clock driven by root clock pin: CPU/IR/ReadRegData2_EX_reg[13]/Q (HIGH)

 There is 1 register/latch pin with no clock driven by root clock pin: CPU/IR/ReadRegData2_EX_reg[14]/Q (HIGH)

 There is 1 register/latch pin with no clock driven by root clock pin: CPU/IR/ReadRegData2_EX_reg[15]/Q (HIGH)

 There is 1 register/latch pin with no clock driven by root clock pin: CPU/IR/ReadRegData2_EX_reg[16]/Q (HIGH)

 There is 1 register/latch pin with no clock driven by root clock pin: CPU/IR/ReadRegData2_EX_reg[17]/Q (HIGH)

 There is 1 register/latch pin with no clock driven by root clock pin: CPU/IR/ReadRegData2_EX_reg[18]/Q (HIGH)

 There is 1 register/latch pin with no clock driven by root clock pin: CPU/IR/ReadRegData2_EX_reg[19]/Q (HIGH)

 There is 1 register/latch pin with no clock driven by root clock pin: CPU/IR/ReadRegData2_EX_reg[1]/Q (HIGH)

 There is 1 register/latch pin with no clock driven by root clock pin: CPU/IR/ReadRegData2_EX_reg[20]/Q (HIGH)

 There is 1 register/latch pin with no clock driven by root clock pin: CPU/IR/ReadRegData2_EX_reg[21]/Q (HIGH)

 There is 1 register/latch pin with no clock driven by root clock pin: CPU/IR/ReadRegData2_EX_reg[22]/Q (HIGH)

 There is 1 register/latch pin with no clock driven by root clock pin: CPU/IR/ReadRegData2_EX_reg[23]/Q (HIGH)

 There is 1 register/latch pin with no clock driven by root clock pin: CPU/IR/ReadRegData2_EX_reg[24]/Q (HIGH)

 There is 1 register/latch pin with no clock driven by root clock pin: CPU/IR/ReadRegData2_EX_reg[25]/Q (HIGH)

 There is 1 register/latch pin with no clock driven by root clock pin: CPU/IR/ReadRegData2_EX_reg[26]/Q (HIGH)

 There is 1 register/latch pin with no clock driven by root clock pin: CPU/IR/ReadRegData2_EX_reg[27]/Q (HIGH)

 There is 1 register/latch pin with no clock driven by root clock pin: CPU/IR/ReadRegData2_EX_reg[28]/Q (HIGH)

 There is 1 register/latch pin with no clock driven by root clock pin: CPU/IR/ReadRegData2_EX_reg[29]/Q (HIGH)

 There is 1 register/latch pin with no clock driven by root clock pin: CPU/IR/ReadRegData2_EX_reg[2]/Q (HIGH)

 There is 1 register/latch pin with no clock driven by root clock pin: CPU/IR/ReadRegData2_EX_reg[30]/Q (HIGH)

 There is 1 register/latch pin with no clock driven by root clock pin: CPU/IR/ReadRegData2_EX_reg[31]/Q (HIGH)

 There is 1 register/latch pin with no clock driven by root clock pin: CPU/IR/ReadRegData2_EX_reg[3]/Q (HIGH)

 There is 1 register/latch pin with no clock driven by root clock pin: CPU/IR/ReadRegData2_EX_reg[4]/Q (HIGH)

 There is 1 register/latch pin with no clock driven by root clock pin: CPU/IR/ReadRegData2_EX_reg[5]/Q (HIGH)

 There is 1 register/latch pin with no clock driven by root clock pin: CPU/IR/ReadRegData2_EX_reg[6]/Q (HIGH)

 There is 1 register/latch pin with no clock driven by root clock pin: CPU/IR/ReadRegData2_EX_reg[7]/Q (HIGH)

 There is 1 register/latch pin with no clock driven by root clock pin: CPU/IR/ReadRegData2_EX_reg[8]/Q (HIGH)

 There is 1 register/latch pin with no clock driven by root clock pin: CPU/IR/ReadRegData2_EX_reg[9]/Q (HIGH)

 There is 1 register/latch pin with no clock driven by root clock pin: CPU/IR/RegSource_EX_reg[0]/Q (HIGH)

 There is 1 register/latch pin with no clock driven by root clock pin: CPU/IR/RegSource_EX_reg[1]/Q (HIGH)

 There is 1 register/latch pin with no clock driven by root clock pin: CPU/IR/RegSource_EX_reg[2]/Q (HIGH)

 There is 1 register/latch pin with no clock driven by root clock pin: CPU/IR/RegSource_EX_reg[3]/Q (HIGH)

 There are 3 register/latch pins with no clock driven by root clock pin: CPU/IR/RegTarget_EX_reg[0]/Q (HIGH)

 There are 3 register/latch pins with no clock driven by root clock pin: CPU/IR/RegTarget_EX_reg[1]/Q (HIGH)

 There are 3 register/latch pins with no clock driven by root clock pin: CPU/IR/RegTarget_EX_reg[2]/Q (HIGH)

 There are 3 register/latch pins with no clock driven by root clock pin: CPU/IR/RegTarget_EX_reg[3]/Q (HIGH)

 There are 2 register/latch pins with no clock driven by root clock pin: CPU/IR/RegWrite_EX_reg/Q (HIGH)

 There are 2 register/latch pins with no clock driven by root clock pin: CPU/IR/WriteRegSignal_EX_reg[0]/Q (HIGH)

 There are 2 register/latch pins with no clock driven by root clock pin: CPU/IR/WriteRegSignal_EX_reg[1]/Q (HIGH)

 There is 1 register/latch pin with no clock driven by root clock pin: CPU/MEM_EXT/MemDataExt_reg[0]/Q (HIGH)

 There is 1 register/latch pin with no clock driven by root clock pin: CPU/MEM_EXT/MemDataExt_reg[10]/Q (HIGH)

 There is 1 register/latch pin with no clock driven by root clock pin: CPU/MEM_EXT/MemDataExt_reg[11]/Q (HIGH)

 There is 1 register/latch pin with no clock driven by root clock pin: CPU/MEM_EXT/MemDataExt_reg[12]/Q (HIGH)

 There is 1 register/latch pin with no clock driven by root clock pin: CPU/MEM_EXT/MemDataExt_reg[13]/Q (HIGH)

 There is 1 register/latch pin with no clock driven by root clock pin: CPU/MEM_EXT/MemDataExt_reg[14]/Q (HIGH)

 There is 1 register/latch pin with no clock driven by root clock pin: CPU/MEM_EXT/MemDataExt_reg[15]/Q (HIGH)

 There is 1 register/latch pin with no clock driven by root clock pin: CPU/MEM_EXT/MemDataExt_reg[16]/Q (HIGH)

 There is 1 register/latch pin with no clock driven by root clock pin: CPU/MEM_EXT/MemDataExt_reg[17]/Q (HIGH)

 There is 1 register/latch pin with no clock driven by root clock pin: CPU/MEM_EXT/MemDataExt_reg[18]/Q (HIGH)

 There is 1 register/latch pin with no clock driven by root clock pin: CPU/MEM_EXT/MemDataExt_reg[19]/Q (HIGH)

 There is 1 register/latch pin with no clock driven by root clock pin: CPU/MEM_EXT/MemDataExt_reg[1]/Q (HIGH)

 There is 1 register/latch pin with no clock driven by root clock pin: CPU/MEM_EXT/MemDataExt_reg[20]/Q (HIGH)

 There is 1 register/latch pin with no clock driven by root clock pin: CPU/MEM_EXT/MemDataExt_reg[21]/Q (HIGH)

 There is 1 register/latch pin with no clock driven by root clock pin: CPU/MEM_EXT/MemDataExt_reg[22]/Q (HIGH)

 There is 1 register/latch pin with no clock driven by root clock pin: CPU/MEM_EXT/MemDataExt_reg[23]/Q (HIGH)

 There is 1 register/latch pin with no clock driven by root clock pin: CPU/MEM_EXT/MemDataExt_reg[24]/Q (HIGH)

 There is 1 register/latch pin with no clock driven by root clock pin: CPU/MEM_EXT/MemDataExt_reg[25]/Q (HIGH)

 There is 1 register/latch pin with no clock driven by root clock pin: CPU/MEM_EXT/MemDataExt_reg[26]/Q (HIGH)

 There is 1 register/latch pin with no clock driven by root clock pin: CPU/MEM_EXT/MemDataExt_reg[27]/Q (HIGH)

 There is 1 register/latch pin with no clock driven by root clock pin: CPU/MEM_EXT/MemDataExt_reg[28]/Q (HIGH)

 There is 1 register/latch pin with no clock driven by root clock pin: CPU/MEM_EXT/MemDataExt_reg[29]/Q (HIGH)

 There is 1 register/latch pin with no clock driven by root clock pin: CPU/MEM_EXT/MemDataExt_reg[2]/Q (HIGH)

 There is 1 register/latch pin with no clock driven by root clock pin: CPU/MEM_EXT/MemDataExt_reg[30]/Q (HIGH)

 There is 1 register/latch pin with no clock driven by root clock pin: CPU/MEM_EXT/MemDataExt_reg[31]/Q (HIGH)

 There is 1 register/latch pin with no clock driven by root clock pin: CPU/MEM_EXT/MemDataExt_reg[3]/Q (HIGH)

 There is 1 register/latch pin with no clock driven by root clock pin: CPU/MEM_EXT/MemDataExt_reg[4]/Q (HIGH)

 There is 1 register/latch pin with no clock driven by root clock pin: CPU/MEM_EXT/MemDataExt_reg[5]/Q (HIGH)

 There is 1 register/latch pin with no clock driven by root clock pin: CPU/MEM_EXT/MemDataExt_reg[6]/Q (HIGH)

 There is 1 register/latch pin with no clock driven by root clock pin: CPU/MEM_EXT/MemDataExt_reg[7]/Q (HIGH)

 There is 1 register/latch pin with no clock driven by root clock pin: CPU/MEM_EXT/MemDataExt_reg[8]/Q (HIGH)

 There is 1 register/latch pin with no clock driven by root clock pin: CPU/MEM_EXT/MemDataExt_reg[9]/Q (HIGH)

 There are 32 register/latch pins with no clock driven by root clock pin: CPU/PC/CurrentPC_reg[2]/Q (HIGH)

 There are 32 register/latch pins with no clock driven by root clock pin: CPU/PC/CurrentPC_reg[3]/Q (HIGH)

 There are 32 register/latch pins with no clock driven by root clock pin: CPU/PC/CurrentPC_reg[4]/Q (HIGH)

 There are 32 register/latch pins with no clock driven by root clock pin: CPU/PC/CurrentPC_reg[5]/Q (HIGH)

 There are 32 register/latch pins with no clock driven by root clock pin: CPU/PC/CurrentPC_reg[7]/Q (HIGH)

 There is 1 register/latch pin with no clock driven by root clock pin: CPU/WB/AluResult_WB_reg[16]/Q (HIGH)

 There is 1 register/latch pin with no clock driven by root clock pin: CPU/WB/AluResult_WB_reg[17]/Q (HIGH)

 There is 1 register/latch pin with no clock driven by root clock pin: CPU/WB/AluResult_WB_reg[18]/Q (HIGH)

 There is 1 register/latch pin with no clock driven by root clock pin: CPU/WB/AluResult_WB_reg[19]/Q (HIGH)

 There is 1 register/latch pin with no clock driven by root clock pin: CPU/WB/AluResult_WB_reg[20]/Q (HIGH)

 There is 1 register/latch pin with no clock driven by root clock pin: CPU/WB/AluResult_WB_reg[21]/Q (HIGH)

 There is 1 register/latch pin with no clock driven by root clock pin: CPU/WB/AluResult_WB_reg[22]/Q (HIGH)

 There is 1 register/latch pin with no clock driven by root clock pin: CPU/WB/AluResult_WB_reg[23]/Q (HIGH)

 There is 1 register/latch pin with no clock driven by root clock pin: CPU/WB/AluResult_WB_reg[24]/Q (HIGH)

 There is 1 register/latch pin with no clock driven by root clock pin: CPU/WB/AluResult_WB_reg[25]/Q (HIGH)

 There is 1 register/latch pin with no clock driven by root clock pin: CPU/WB/AluResult_WB_reg[26]/Q (HIGH)

 There is 1 register/latch pin with no clock driven by root clock pin: CPU/WB/AluResult_WB_reg[27]/Q (HIGH)

 There is 1 register/latch pin with no clock driven by root clock pin: CPU/WB/AluResult_WB_reg[28]/Q (HIGH)

 There is 1 register/latch pin with no clock driven by root clock pin: CPU/WB/AluResult_WB_reg[29]/Q (HIGH)

 There is 1 register/latch pin with no clock driven by root clock pin: CPU/WB/AluResult_WB_reg[30]/Q (HIGH)

 There is 1 register/latch pin with no clock driven by root clock pin: CPU/WB/AluResult_WB_reg[31]/Q (HIGH)

 There is 1 register/latch pin with no clock driven by root clock pin: CPU/WB/PC_WB_reg[0]/Q (HIGH)

 There is 1 register/latch pin with no clock driven by root clock pin: CPU/WB/PC_WB_reg[10]/Q (HIGH)

 There is 1 register/latch pin with no clock driven by root clock pin: CPU/WB/PC_WB_reg[11]/Q (HIGH)

 There is 1 register/latch pin with no clock driven by root clock pin: CPU/WB/PC_WB_reg[12]/Q (HIGH)

 There is 1 register/latch pin with no clock driven by root clock pin: CPU/WB/PC_WB_reg[13]/Q (HIGH)

 There is 1 register/latch pin with no clock driven by root clock pin: CPU/WB/PC_WB_reg[14]/Q (HIGH)

 There is 1 register/latch pin with no clock driven by root clock pin: CPU/WB/PC_WB_reg[15]/Q (HIGH)

 There is 1 register/latch pin with no clock driven by root clock pin: CPU/WB/PC_WB_reg[16]/Q (HIGH)

 There is 1 register/latch pin with no clock driven by root clock pin: CPU/WB/PC_WB_reg[17]/Q (HIGH)

 There is 1 register/latch pin with no clock driven by root clock pin: CPU/WB/PC_WB_reg[18]/Q (HIGH)

 There is 1 register/latch pin with no clock driven by root clock pin: CPU/WB/PC_WB_reg[19]/Q (HIGH)

 There is 1 register/latch pin with no clock driven by root clock pin: CPU/WB/PC_WB_reg[1]/Q (HIGH)

 There is 1 register/latch pin with no clock driven by root clock pin: CPU/WB/PC_WB_reg[20]/Q (HIGH)

 There is 1 register/latch pin with no clock driven by root clock pin: CPU/WB/PC_WB_reg[21]/Q (HIGH)

 There is 1 register/latch pin with no clock driven by root clock pin: CPU/WB/PC_WB_reg[22]/Q (HIGH)

 There is 1 register/latch pin with no clock driven by root clock pin: CPU/WB/PC_WB_reg[23]/Q (HIGH)

 There is 1 register/latch pin with no clock driven by root clock pin: CPU/WB/PC_WB_reg[24]/Q (HIGH)

 There is 1 register/latch pin with no clock driven by root clock pin: CPU/WB/PC_WB_reg[25]/Q (HIGH)

 There is 1 register/latch pin with no clock driven by root clock pin: CPU/WB/PC_WB_reg[26]/Q (HIGH)

 There is 1 register/latch pin with no clock driven by root clock pin: CPU/WB/PC_WB_reg[27]/Q (HIGH)

 There is 1 register/latch pin with no clock driven by root clock pin: CPU/WB/PC_WB_reg[28]/Q (HIGH)

 There is 1 register/latch pin with no clock driven by root clock pin: CPU/WB/PC_WB_reg[29]/Q (HIGH)

 There is 1 register/latch pin with no clock driven by root clock pin: CPU/WB/PC_WB_reg[2]/Q (HIGH)

 There is 1 register/latch pin with no clock driven by root clock pin: CPU/WB/PC_WB_reg[30]/Q (HIGH)

 There is 1 register/latch pin with no clock driven by root clock pin: CPU/WB/PC_WB_reg[31]/Q (HIGH)

 There is 1 register/latch pin with no clock driven by root clock pin: CPU/WB/PC_WB_reg[3]/Q (HIGH)

 There is 1 register/latch pin with no clock driven by root clock pin: CPU/WB/PC_WB_reg[4]/Q (HIGH)

 There is 1 register/latch pin with no clock driven by root clock pin: CPU/WB/PC_WB_reg[5]/Q (HIGH)

 There is 1 register/latch pin with no clock driven by root clock pin: CPU/WB/PC_WB_reg[6]/Q (HIGH)

 There is 1 register/latch pin with no clock driven by root clock pin: CPU/WB/PC_WB_reg[7]/Q (HIGH)

 There is 1 register/latch pin with no clock driven by root clock pin: CPU/WB/PC_WB_reg[8]/Q (HIGH)

 There is 1 register/latch pin with no clock driven by root clock pin: CPU/WB/PC_WB_reg[9]/Q (HIGH)

 There are 32 register/latch pins with no clock driven by root clock pin: CPU/WB/ReadMemExtSignal_WB_reg[0]/Q (HIGH)

 There are 32 register/latch pins with no clock driven by root clock pin: CPU/WB/ReadMemExtSignal_WB_reg[1]/Q (HIGH)

 There are 32 register/latch pins with no clock driven by root clock pin: CPU/WB/ReadMemExtSignal_WB_reg[2]/Q (HIGH)

 There are 32 register/latch pins with no clock driven by root clock pin: CPU/WB/ReadMemExtSignal_WB_reg[3]/Q (HIGH)

 There are 481 register/latch pins with no clock driven by root clock pin: CPU/WB/RegWrite_WB_reg/Q (HIGH)

 There are 481 register/latch pins with no clock driven by root clock pin: CPU/WB/WriteRegAddr_WB_reg[0]/Q (HIGH)

 There are 481 register/latch pins with no clock driven by root clock pin: CPU/WB/WriteRegAddr_WB_reg[1]/Q (HIGH)

 There are 481 register/latch pins with no clock driven by root clock pin: CPU/WB/WriteRegAddr_WB_reg[2]/Q (HIGH)

 There are 481 register/latch pins with no clock driven by root clock pin: CPU/WB/WriteRegAddr_WB_reg[3]/Q (HIGH)

 There are 481 register/latch pins with no clock driven by root clock pin: CPU/WB/WriteRegAddr_WB_reg[4]/Q (HIGH)

 There is 1 register/latch pin with no clock driven by root clock pin: CPU/WB/WriteRegDataSignal_WB_reg[0]/Q (HIGH)

 There is 1 register/latch pin with no clock driven by root clock pin: CPU/WB/WriteRegDataSignal_WB_reg[1]/Q (HIGH)

 There is 1 register/latch pin with no clock driven by root clock pin: SHOW_ON_LED/led_reg[0]/Q (HIGH)

 There is 1 register/latch pin with no clock driven by root clock pin: SHOW_ON_LED/led_reg[10]/Q (HIGH)

 There is 1 register/latch pin with no clock driven by root clock pin: SHOW_ON_LED/led_reg[11]/Q (HIGH)

 There is 1 register/latch pin with no clock driven by root clock pin: SHOW_ON_LED/led_reg[12]/Q (HIGH)

 There is 1 register/latch pin with no clock driven by root clock pin: SHOW_ON_LED/led_reg[13]/Q (HIGH)

 There is 1 register/latch pin with no clock driven by root clock pin: SHOW_ON_LED/led_reg[14]/Q (HIGH)

 There is 1 register/latch pin with no clock driven by root clock pin: SHOW_ON_LED/led_reg[15]/Q (HIGH)

 There is 1 register/latch pin with no clock driven by root clock pin: SHOW_ON_LED/led_reg[1]/Q (HIGH)

 There is 1 register/latch pin with no clock driven by root clock pin: SHOW_ON_LED/led_reg[2]/Q (HIGH)

 There is 1 register/latch pin with no clock driven by root clock pin: SHOW_ON_LED/led_reg[3]/Q (HIGH)

 There is 1 register/latch pin with no clock driven by root clock pin: SHOW_ON_LED/led_reg[4]/Q (HIGH)

 There is 1 register/latch pin with no clock driven by root clock pin: SHOW_ON_LED/led_reg[5]/Q (HIGH)

 There is 1 register/latch pin with no clock driven by root clock pin: SHOW_ON_LED/led_reg[6]/Q (HIGH)

 There is 1 register/latch pin with no clock driven by root clock pin: SHOW_ON_LED/led_reg[7]/Q (HIGH)

 There is 1 register/latch pin with no clock driven by root clock pin: SHOW_ON_LED/led_reg[8]/Q (HIGH)

 There is 1 register/latch pin with no clock driven by root clock pin: SHOW_ON_LED/led_reg[9]/Q (HIGH)


2. checking constant_clock
--------------------------
 There are 0 register/latch pins with constant_clock.


3. checking pulse_width_clock
-----------------------------
 There are 0 register/latch pins which need pulse_width check


4. checking unconstrained_internal_endpoints
--------------------------------------------
 There are 5347 pins that are not constrained for maximum delay. (HIGH)

 There are 0 pins that are not constrained for maximum delay due to constant clock.


5. checking no_input_delay
--------------------------
 There is 1 input port with no input delay specified. (HIGH)

 There are 0 input ports with no input delay but user has a false path constraint.


6. checking no_output_delay
---------------------------
 There are 16 ports with no output delay specified. (HIGH)

 There are 0 ports with no output delay but user has a false path constraint

 There are 0 ports with no output delay but with a timing clock defined on it or propagating through it


7. checking multiple_clock
--------------------------
 There are 0 register/latch pins with multiple clocks.


8. checking generated_clocks
----------------------------
 There are 0 generated clocks that are not connected to a clock source.


9. checking loops
-----------------
 There are 0 combinational loops in the design.


10. checking partial_input_delay
--------------------------------
 There are 0 input ports with partial input delay specified.


11. checking partial_output_delay
---------------------------------
 There are 0 ports with partial output delay specified.


12. checking latch_loops
------------------------
 There are 0 combinational latch loops in the design through latch input



------------------------------------------------------------------------------------------------
| Design Timing Summary
| ---------------------
------------------------------------------------------------------------------------------------

    WNS(ns)      TNS(ns)  TNS Failing Endpoints  TNS Total Endpoints      WHS(ns)      THS(ns)  THS Failing Endpoints  THS Total Endpoints     WPWS(ns)     TPWS(ns)  TPWS Failing Endpoints  TPWS Total Endpoints  
    -------      -------  ---------------------  -------------------      -------      -------  ---------------------  -------------------     --------     --------  ----------------------  --------------------  
         NA           NA                     NA                   NA           NA           NA                     NA                   NA           NA           NA                      NA                    NA  


There are no user specified timing constraints.


------------------------------------------------------------------------------------------------
| Clock Summary
| -------------
------------------------------------------------------------------------------------------------


------------------------------------------------------------------------------------------------
| Intra Clock Table
| -----------------
------------------------------------------------------------------------------------------------

Clock             WNS(ns)      TNS(ns)  TNS Failing Endpoints  TNS Total Endpoints      WHS(ns)      THS(ns)  THS Failing Endpoints  THS Total Endpoints     WPWS(ns)     TPWS(ns)  TPWS Failing Endpoints  TPWS Total Endpoints  
-----             -------      -------  ---------------------  -------------------      -------      -------  ---------------------  -------------------     --------     --------  ----------------------  --------------------  


------------------------------------------------------------------------------------------------
| Inter Clock Table
| -----------------
------------------------------------------------------------------------------------------------

From Clock    To Clock          WNS(ns)      TNS(ns)  TNS Failing Endpoints  TNS Total Endpoints      WHS(ns)      THS(ns)  THS Failing Endpoints  THS Total Endpoints  
----------    --------          -------      -------  ---------------------  -------------------      -------      -------  ---------------------  -------------------  


------------------------------------------------------------------------------------------------
| Other Path Groups Table
| -----------------------
------------------------------------------------------------------------------------------------

Path Group    From Clock    To Clock          WNS(ns)      TNS(ns)  TNS Failing Endpoints  TNS Total Endpoints      WHS(ns)      THS(ns)  THS Failing Endpoints  THS Total Endpoints  
----------    ----------    --------          -------      -------  ---------------------  -------------------      -------      -------  ---------------------  -------------------  


------------------------------------------------------------------------------------------------
| Timing Details
| --------------
------------------------------------------------------------------------------------------------


