Vivado Simulator 2019.1
Time resolution is 1 ps
PC = 0x00400000, instr = 0xxxxxxxxx
 CurrentPC :0x00400000 
PC = 0x00400004, instr = 0x3c090000
 CurrentPC :0x00400004 
PC = 0x00400008, instr = 0x3c0a2100
 CurrentPC :0x00400008 
PC = 0x0040000c, instr = 0x200b0001
 CurrentPC :0x0040000c 
r[00-07]=0x00000000, 0x00000000, 0x00000000, 0x00000000, 0x00000000, 0x00000000, 0x00000000, 0x00000000
r[08-15]=0x00000000, 0x00000000, 0x00000000, 0x00000000, 0x00000000, 0x00000000, 0x00000000, 0x00000000
r[16-23]=0x00000000, 0x00000000, 0x00000000, 0x00000000, 0x00000000, 0x00000000, 0x00000000, 0x00000000
r[24-31]=0x00000000, 0x00000000, 0x00000000, 0x00000000, 0x00000000, 0x00000000, 0x00000000, 0x00000000
r[ 9] = 0xxxxxxxxx,
r[00-07]=0x00000000, 0x00000000, 0x00000000, 0x00000000, 0x00000000, 0x00000000, 0x00000000, 0x00000000
r[08-15]=0x00000000, 0x00000000, 0x00000000, 0x00000000, 0x00000000, 0x00000000, 0x00000000, 0x00000000
r[16-23]=0x00000000, 0x00000000, 0x00000000, 0x00000000, 0x00000000, 0x00000000, 0x00000000, 0x00000000
r[24-31]=0x00000000, 0x00000000, 0x00000000, 0x00000000, 0x00000000, 0x00000000, 0x00000000, 0x00000000
r[ 9] = 0x00000000,
r[00-07]=0x00000000, 0x00000000, 0x00000000, 0x00000000, 0x00000000, 0x00000000, 0x00000000, 0x00000000
r[08-15]=0x00000000, 0x00000000, 0x00000000, 0x00000000, 0x00000000, 0x00000000, 0x00000000, 0x00000000
r[16-23]=0x00000000, 0x00000000, 0x00000000, 0x00000000, 0x00000000, 0x00000000, 0x00000000, 0x00000000
r[24-31]=0x00000000, 0x00000000, 0x00000000, 0x00000000, 0x00000000, 0x00000000, 0x00000000, 0x00000000
r[ 9] = 0x00000000,
PC = 0x00400010, instr = 0x200c0005
 CurrentPC :0x00400010 
r[00-07]=0x00000000, 0x00000000, 0x00000000, 0x00000000, 0x00000000, 0x00000000, 0x00000000, 0x00000000
r[08-15]=0x00000000, 0x00000000, 0x00000000, 0x00000000, 0x00000000, 0x00000000, 0x00000000, 0x00000000
r[16-23]=0x00000000, 0x00000000, 0x00000000, 0x00000000, 0x00000000, 0x00000000, 0x00000000, 0x00000000
r[24-31]=0x00000000, 0x00000000, 0x00000000, 0x00000000, 0x00000000, 0x00000000, 0x00000000, 0x00000000
r[10] = 0x00000000,
r[00-07]=0x00000000, 0x00000000, 0x00000000, 0x00000000, 0x00000000, 0x00000000, 0x00000000, 0x00000000
r[08-15]=0x00000000, 0x00000000, 0x00000000, 0x00000000, 0x00000000, 0x00000000, 0x00000000, 0x00000000
r[16-23]=0x00000000, 0x00000000, 0x00000000, 0x00000000, 0x00000000, 0x00000000, 0x00000000, 0x00000000
r[24-31]=0x00000000, 0x00000000, 0x00000000, 0x00000000, 0x00000000, 0x00000000, 0x00000000, 0x00000000
r[10] = 0x21000000,
r[00-07]=0x00000000, 0x00000000, 0x00000000, 0x00000000, 0x00000000, 0x00000000, 0x00000000, 0x00000000
r[08-15]=0x00000000, 0x00000000, 0x21000000, 0x00000000, 0x00000000, 0x00000000, 0x00000000, 0x00000000
r[16-23]=0x00000000, 0x00000000, 0x00000000, 0x00000000, 0x00000000, 0x00000000, 0x00000000, 0x00000000
r[24-31]=0x00000000, 0x00000000, 0x00000000, 0x00000000, 0x00000000, 0x00000000, 0x00000000, 0x00000000
r[10] = 0x21000000,
PC = 0x00400014, instr = 0x354d2100
 CurrentPC :0x00400014 
r[00-07]=0x00000000, 0x00000000, 0x00000000, 0x00000000, 0x00000000, 0x00000000, 0x00000000, 0x00000000
r[08-15]=0x00000000, 0x00000000, 0x21000000, 0x00000000, 0x00000000, 0x00000000, 0x00000000, 0x00000000
r[16-23]=0x00000000, 0x00000000, 0x00000000, 0x00000000, 0x00000000, 0x00000000, 0x00000000, 0x00000000
r[24-31]=0x00000000, 0x00000000, 0x00000000, 0x00000000, 0x00000000, 0x00000000, 0x00000000, 0x00000000
r[11] = 0x21000000,
r[00-07]=0x00000000, 0x00000000, 0x00000000, 0x00000000, 0x00000000, 0x00000000, 0x00000000, 0x00000000
r[08-15]=0x00000000, 0x00000000, 0x21000000, 0x00000000, 0x00000000, 0x00000000, 0x00000000, 0x00000000
r[16-23]=0x00000000, 0x00000000, 0x00000000, 0x00000000, 0x00000000, 0x00000000, 0x00000000, 0x00000000
r[24-31]=0x00000000, 0x00000000, 0x00000000, 0x00000000, 0x00000000, 0x00000000, 0x00000000, 0x00000000
r[11] = 0x00000001,
r[00-07]=0x00000000, 0x00000000, 0x00000000, 0x00000000, 0x00000000, 0x00000000, 0x00000000, 0x00000000
r[08-15]=0x00000000, 0x00000000, 0x21000000, 0x00000001, 0x00000000, 0x00000000, 0x00000000, 0x00000000
r[16-23]=0x00000000, 0x00000000, 0x00000000, 0x00000000, 0x00000000, 0x00000000, 0x00000000, 0x00000000
r[24-31]=0x00000000, 0x00000000, 0x00000000, 0x00000000, 0x00000000, 0x00000000, 0x00000000, 0x00000000
r[11] = 0x00000001,
PC = 0x00400018, instr = 0x314e0100
 CurrentPC :0x00400018 
r[00-07]=0x00000000, 0x00000000, 0x00000000, 0x00000000, 0x00000000, 0x00000000, 0x00000000, 0x00000000
r[08-15]=0x00000000, 0x00000000, 0x21000000, 0x00000001, 0x00000000, 0x00000000, 0x00000000, 0x00000000
r[16-23]=0x00000000, 0x00000000, 0x00000000, 0x00000000, 0x00000000, 0x00000000, 0x00000000, 0x00000000
r[24-31]=0x00000000, 0x00000000, 0x00000000, 0x00000000, 0x00000000, 0x00000000, 0x00000000, 0x00000000
r[12] = 0x00000001,
r[00-07]=0x00000000, 0x00000000, 0x00000000, 0x00000000, 0x00000000, 0x00000000, 0x00000000, 0x00000000
r[08-15]=0x00000000, 0x00000000, 0x21000000, 0x00000001, 0x00000000, 0x00000000, 0x00000000, 0x00000000
r[16-23]=0x00000000, 0x00000000, 0x00000000, 0x00000000, 0x00000000, 0x00000000, 0x00000000, 0x00000000
r[24-31]=0x00000000, 0x00000000, 0x00000000, 0x00000000, 0x00000000, 0x00000000, 0x00000000, 0x00000000
r[12] = 0x00000005,
r[00-07]=0x00000000, 0x00000000, 0x00000000, 0x00000000, 0x00000000, 0x00000000, 0x00000000, 0x00000000
r[08-15]=0x00000000, 0x00000000, 0x21000000, 0x00000001, 0x00000005, 0x00000000, 0x00000000, 0x00000000
r[16-23]=0x00000000, 0x00000000, 0x00000000, 0x00000000, 0x00000000, 0x00000000, 0x00000000, 0x00000000
r[24-31]=0x00000000, 0x00000000, 0x00000000, 0x00000000, 0x00000000, 0x00000000, 0x00000000, 0x00000000
r[12] = 0x00000005,
PC = 0x0040001c, instr = 0x200fffff
 CurrentPC :0x0040001c 
r[00-07]=0x00000000, 0x00000000, 0x00000000, 0x00000000, 0x00000000, 0x00000000, 0x00000000, 0x00000000
r[08-15]=0x00000000, 0x00000000, 0x21000000, 0x00000001, 0x00000005, 0x00000000, 0x00000000, 0x00000000
r[16-23]=0x00000000, 0x00000000, 0x00000000, 0x00000000, 0x00000000, 0x00000000, 0x00000000, 0x00000000
r[24-31]=0x00000000, 0x00000000, 0x00000000, 0x00000000, 0x00000000, 0x00000000, 0x00000000, 0x00000000
r[13] = 0x00000005,
r[00-07]=0x00000000, 0x00000000, 0x00000000, 0x00000000, 0x00000000, 0x00000000, 0x00000000, 0x00000000
r[08-15]=0x00000000, 0x00000000, 0x21000000, 0x00000001, 0x00000005, 0x00000000, 0x00000000, 0x00000000
r[16-23]=0x00000000, 0x00000000, 0x00000000, 0x00000000, 0x00000000, 0x00000000, 0x00000000, 0x00000000
r[24-31]=0x00000000, 0x00000000, 0x00000000, 0x00000000, 0x00000000, 0x00000000, 0x00000000, 0x00000000
r[13] = 0x21002100,
r[00-07]=0x00000000, 0x00000000, 0x00000000, 0x00000000, 0x00000000, 0x00000000, 0x00000000, 0x00000000
r[08-15]=0x00000000, 0x00000000, 0x21000000, 0x00000001, 0x00000005, 0x21002100, 0x00000000, 0x00000000
r[16-23]=0x00000000, 0x00000000, 0x00000000, 0x00000000, 0x00000000, 0x00000000, 0x00000000, 0x00000000
r[24-31]=0x00000000, 0x00000000, 0x00000000, 0x00000000, 0x00000000, 0x00000000, 0x00000000, 0x00000000
r[13] = 0x21002100,
PC = 0x00400020, instr = 0x25e90002
 CurrentPC :0x00400020 
r[00-07]=0x00000000, 0x00000000, 0x00000000, 0x00000000, 0x00000000, 0x00000000, 0x00000000, 0x00000000
r[08-15]=0x00000000, 0x00000000, 0x21000000, 0x00000001, 0x00000005, 0x21002100, 0x00000000, 0x00000000
r[16-23]=0x00000000, 0x00000000, 0x00000000, 0x00000000, 0x00000000, 0x00000000, 0x00000000, 0x00000000
r[24-31]=0x00000000, 0x00000000, 0x00000000, 0x00000000, 0x00000000, 0x00000000, 0x00000000, 0x00000000
r[14] = 0x21002100,
r[00-07]=0x00000000, 0x00000000, 0x00000000, 0x00000000, 0x00000000, 0x00000000, 0x00000000, 0x00000000
r[08-15]=0x00000000, 0x00000000, 0x21000000, 0x00000001, 0x00000005, 0x21002100, 0x00000000, 0x00000000
r[16-23]=0x00000000, 0x00000000, 0x00000000, 0x00000000, 0x00000000, 0x00000000, 0x00000000, 0x00000000
r[24-31]=0x00000000, 0x00000000, 0x00000000, 0x00000000, 0x00000000, 0x00000000, 0x00000000, 0x00000000
r[14] = 0x00000000,
r[00-07]=0x00000000, 0x00000000, 0x00000000, 0x00000000, 0x00000000, 0x00000000, 0x00000000, 0x00000000
r[08-15]=0x00000000, 0x00000000, 0x21000000, 0x00000001, 0x00000005, 0x21002100, 0x00000000, 0x00000000
r[16-23]=0x00000000, 0x00000000, 0x00000000, 0x00000000, 0x00000000, 0x00000000, 0x00000000, 0x00000000
r[24-31]=0x00000000, 0x00000000, 0x00000000, 0x00000000, 0x00000000, 0x00000000, 0x00000000, 0x00000000
r[14] = 0x00000000,
PC = 0x00400024, instr = 0x01ec5821
 CurrentPC :0x00400024 
r[00-07]=0x00000000, 0x00000000, 0x00000000, 0x00000000, 0x00000000, 0x00000000, 0x00000000, 0x00000000
r[08-15]=0x00000000, 0x00000000, 0x21000000, 0x00000001, 0x00000005, 0x21002100, 0x00000000, 0x00000000
r[16-23]=0x00000000, 0x00000000, 0x00000000, 0x00000000, 0x00000000, 0x00000000, 0x00000000, 0x00000000
r[24-31]=0x00000000, 0x00000000, 0x00000000, 0x00000000, 0x00000000, 0x00000000, 0x00000000, 0x00000000
r[15] = 0x00000000,
r[00-07]=0x00000000, 0x00000000, 0x00000000, 0x00000000, 0x00000000, 0x00000000, 0x00000000, 0x00000000
r[08-15]=0x00000000, 0x00000000, 0x21000000, 0x00000001, 0x00000005, 0x21002100, 0x00000000, 0x00000000
r[16-23]=0x00000000, 0x00000000, 0x00000000, 0x00000000, 0x00000000, 0x00000000, 0x00000000, 0x00000000
r[24-31]=0x00000000, 0x00000000, 0x00000000, 0x00000000, 0x00000000, 0x00000000, 0x00000000, 0x00000000
r[15] = 0xffffffff,
r[00-07]=0x00000000, 0x00000000, 0x00000000, 0x00000000, 0x00000000, 0x00000000, 0x00000000, 0x00000000
r[08-15]=0x00000000, 0x00000000, 0x21000000, 0x00000001, 0x00000005, 0x21002100, 0x00000000, 0xffffffff
r[16-23]=0x00000000, 0x00000000, 0x00000000, 0x00000000, 0x00000000, 0x00000000, 0x00000000, 0x00000000
r[24-31]=0x00000000, 0x00000000, 0x00000000, 0x00000000, 0x00000000, 0x00000000, 0x00000000, 0x00000000
r[15] = 0xffffffff,
PC = 0x00400028, instr = 0x01e36820
 CurrentPC :0x00400028 
r[00-07]=0x00000000, 0x00000000, 0x00000000, 0x00000000, 0x00000000, 0x00000000, 0x00000000, 0x00000000
r[08-15]=0x00000000, 0x00000000, 0x21000000, 0x00000001, 0x00000005, 0x21002100, 0x00000000, 0xffffffff
r[16-23]=0x00000000, 0x00000000, 0x00000000, 0x00000000, 0x00000000, 0x00000000, 0x00000000, 0x00000000
r[24-31]=0x00000000, 0x00000000, 0x00000000, 0x00000000, 0x00000000, 0x00000000, 0x00000000, 0x00000000
r[ 9] = 0xffffffff,
r[00-07]=0x00000000, 0x00000000, 0x00000000, 0x00000000, 0x00000000, 0x00000000, 0x00000000, 0x00000000
r[08-15]=0x00000000, 0x00000000, 0x21000000, 0x00000001, 0x00000005, 0x21002100, 0x00000000, 0xffffffff
r[16-23]=0x00000000, 0x00000000, 0x00000000, 0x00000000, 0x00000000, 0x00000000, 0x00000000, 0x00000000
r[24-31]=0x00000000, 0x00000000, 0x00000000, 0x00000000, 0x00000000, 0x00000000, 0x00000000, 0x00000000
r[ 9] = 0x00000001,
r[00-07]=0x00000000, 0x00000000, 0x00000000, 0x00000000, 0x00000000, 0x00000000, 0x00000000, 0x00000000
r[08-15]=0x00000000, 0x00000001, 0x21000000, 0x00000001, 0x00000005, 0x21002100, 0x00000000, 0xffffffff
r[16-23]=0x00000000, 0x00000000, 0x00000000, 0x00000000, 0x00000000, 0x00000000, 0x00000000, 0x00000000
r[24-31]=0x00000000, 0x00000000, 0x00000000, 0x00000000, 0x00000000, 0x00000000, 0x00000000, 0x00000000
r[ 9] = 0x00000001,
PC = 0x0040002c, instr = 0x01ab7024
 CurrentPC :0x0040002c 
r[00-07]=0x00000000, 0x00000000, 0x00000000, 0x00000000, 0x00000000, 0x00000000, 0x00000000, 0x00000000
r[08-15]=0x00000000, 0x00000001, 0x21000000, 0x00000001, 0x00000005, 0x21002100, 0x00000000, 0xffffffff
r[16-23]=0x00000000, 0x00000000, 0x00000000, 0x00000000, 0x00000000, 0x00000000, 0x00000000, 0x00000000
r[24-31]=0x00000000, 0x00000000, 0x00000000, 0x00000000, 0x00000000, 0x00000000, 0x00000000, 0x00000000
r[11] = 0x00000001,
r[00-07]=0x00000000, 0x00000000, 0x00000000, 0x00000000, 0x00000000, 0x00000000, 0x00000000, 0x00000000
r[08-15]=0x00000000, 0x00000001, 0x21000000, 0x00000001, 0x00000005, 0x21002100, 0x00000000, 0xffffffff
r[16-23]=0x00000000, 0x00000000, 0x00000000, 0x00000000, 0x00000000, 0x00000000, 0x00000000, 0x00000000
r[24-31]=0x00000000, 0x00000000, 0x00000000, 0x00000000, 0x00000000, 0x00000000, 0x00000000, 0x00000000
r[11] = 0x00000004,
r[00-07]=0x00000000, 0x00000000, 0x00000000, 0x00000000, 0x00000000, 0x00000000, 0x00000000, 0x00000000
r[08-15]=0x00000000, 0x00000001, 0x21000000, 0x00000004, 0x00000005, 0x21002100, 0x00000000, 0xffffffff
r[16-23]=0x00000000, 0x00000000, 0x00000000, 0x00000000, 0x00000000, 0x00000000, 0x00000000, 0x00000000
r[24-31]=0x00000000, 0x00000000, 0x00000000, 0x00000000, 0x00000000, 0x00000000, 0x00000000, 0x00000000
r[11] = 0x00000004,
PC = 0x00400030, instr = 0x012b5023
 CurrentPC :0x00400030 
r[00-07]=0x00000000, 0x00000000, 0x00000000, 0x00000000, 0x00000000, 0x00000000, 0x00000000, 0x00000000
r[08-15]=0x00000000, 0x00000001, 0x21000000, 0x00000004, 0x00000005, 0x21002100, 0x00000000, 0xffffffff
r[16-23]=0x00000000, 0x00000000, 0x00000000, 0x00000000, 0x00000000, 0x00000000, 0x00000000, 0x00000000
r[24-31]=0x00000000, 0x00000000, 0x00000000, 0x00000000, 0x00000000, 0x00000000, 0x00000000, 0x00000000
r[13] = 0x00000004,
r[00-07]=0x00000000, 0x00000000, 0x00000000, 0x00000000, 0x00000000, 0x00000000, 0x00000000, 0x00000000
r[08-15]=0x00000000, 0x00000001, 0x21000000, 0x00000004, 0x00000005, 0x21002100, 0x00000000, 0xffffffff
r[16-23]=0x00000000, 0x00000000, 0x00000000, 0x00000000, 0x00000000, 0x00000000, 0x00000000, 0x00000000
r[24-31]=0x00000000, 0x00000000, 0x00000000, 0x00000000, 0x00000000, 0x00000000, 0x00000000, 0x00000000
r[13] = 0xffffffff,
r[00-07]=0x00000000, 0x00000000, 0x00000000, 0x00000000, 0x00000000, 0x00000000, 0x00000000, 0x00000000
r[08-15]=0x00000000, 0x00000001, 0x21000000, 0x00000004, 0x00000005, 0xffffffff, 0x00000000, 0xffffffff
r[16-23]=0x00000000, 0x00000000, 0x00000000, 0x00000000, 0x00000000, 0x00000000, 0x00000000, 0x00000000
r[24-31]=0x00000000, 0x00000000, 0x00000000, 0x00000000, 0x00000000, 0x00000000, 0x00000000, 0x00000000
r[13] = 0xffffffff,
PC = 0x00400034, instr = 0x012b5022
 CurrentPC :0x00400034 
r[00-07]=0x00000000, 0x00000000, 0x00000000, 0x00000000, 0x00000000, 0x00000000, 0x00000000, 0x00000000
r[08-15]=0x00000000, 0x00000001, 0x21000000, 0x00000004, 0x00000005, 0xffffffff, 0x00000000, 0xffffffff
r[16-23]=0x00000000, 0x00000000, 0x00000000, 0x00000000, 0x00000000, 0x00000000, 0x00000000, 0x00000000
r[24-31]=0x00000000, 0x00000000, 0x00000000, 0x00000000, 0x00000000, 0x00000000, 0x00000000, 0x00000000
r[14] = 0xffffffff,
r[00-07]=0x00000000, 0x00000000, 0x00000000, 0x00000000, 0x00000000, 0x00000000, 0x00000000, 0x00000000
r[08-15]=0x00000000, 0x00000001, 0x21000000, 0x00000004, 0x00000005, 0xffffffff, 0x00000000, 0xffffffff
r[16-23]=0x00000000, 0x00000000, 0x00000000, 0x00000000, 0x00000000, 0x00000000, 0x00000000, 0x00000000
r[24-31]=0x00000000, 0x00000000, 0x00000000, 0x00000000, 0x00000000, 0x00000000, 0x00000000, 0x00000000
r[14] = 0x00000004,
r[00-07]=0x00000000, 0x00000000, 0x00000000, 0x00000000, 0x00000000, 0x00000000, 0x00000000, 0x00000000
r[08-15]=0x00000000, 0x00000001, 0x21000000, 0x00000004, 0x00000005, 0xffffffff, 0x00000004, 0xffffffff
r[16-23]=0x00000000, 0x00000000, 0x00000000, 0x00000000, 0x00000000, 0x00000000, 0x00000000, 0x00000000
r[24-31]=0x00000000, 0x00000000, 0x00000000, 0x00000000, 0x00000000, 0x00000000, 0x00000000, 0x00000000
r[14] = 0x00000004,
PC = 0x00400038, instr = 0x014d4825
 CurrentPC :0x00400038 
r[00-07]=0x00000000, 0x00000000, 0x00000000, 0x00000000, 0x00000000, 0x00000000, 0x00000000, 0x00000000
r[08-15]=0x00000000, 0x00000001, 0x21000000, 0x00000004, 0x00000005, 0xffffffff, 0x00000004, 0xffffffff
r[16-23]=0x00000000, 0x00000000, 0x00000000, 0x00000000, 0x00000000, 0x00000000, 0x00000000, 0x00000000
r[24-31]=0x00000000, 0x00000000, 0x00000000, 0x00000000, 0x00000000, 0x00000000, 0x00000000, 0x00000000
r[10] = 0x00000004,
r[00-07]=0x00000000, 0x00000000, 0x00000000, 0x00000000, 0x00000000, 0x00000000, 0x00000000, 0x00000000
r[08-15]=0x00000000, 0x00000001, 0x21000000, 0x00000004, 0x00000005, 0xffffffff, 0x00000004, 0xffffffff
r[16-23]=0x00000000, 0x00000000, 0x00000000, 0x00000000, 0x00000000, 0x00000000, 0x00000000, 0x00000000
r[24-31]=0x00000000, 0x00000000, 0x00000000, 0x00000000, 0x00000000, 0x00000000, 0x00000000, 0x00000000
r[10] = 0xfffffffd,
r[00-07]=0x00000000, 0x00000000, 0x00000000, 0x00000000, 0x00000000, 0x00000000, 0x00000000, 0x00000000
r[08-15]=0x00000000, 0x00000001, 0xfffffffd, 0x00000004, 0x00000005, 0xffffffff, 0x00000004, 0xffffffff
r[16-23]=0x00000000, 0x00000000, 0x00000000, 0x00000000, 0x00000000, 0x00000000, 0x00000000, 0x00000000
r[24-31]=0x00000000, 0x00000000, 0x00000000, 0x00000000, 0x00000000, 0x00000000, 0x00000000, 0x00000000
r[10] = 0xfffffffd,
PC = 0x0040003c, instr = 0x016c782a
 CurrentPC :0x0040003c 
PC = 0x00400040, instr = 0x018b782b
 CurrentPC :0x00400040 
r[00-07]=0x00000000, 0x00000000, 0x00000000, 0x00000000, 0x00000000, 0x00000000, 0x00000000, 0x00000000
r[08-15]=0x00000000, 0x00000001, 0xfffffffd, 0x00000004, 0x00000005, 0xffffffff, 0x00000004, 0xffffffff
r[16-23]=0x00000000, 0x00000000, 0x00000000, 0x00000000, 0x00000000, 0x00000000, 0x00000000, 0x00000000
r[24-31]=0x00000000, 0x00000000, 0x00000000, 0x00000000, 0x00000000, 0x00000000, 0x00000000, 0x00000000
r[ 9] = 0xfffffffd,
r[00-07]=0x00000000, 0x00000000, 0x00000000, 0x00000000, 0x00000000, 0x00000000, 0x00000000, 0x00000000
r[08-15]=0x00000000, 0x00000001, 0xfffffffd, 0x00000004, 0x00000005, 0xffffffff, 0x00000004, 0xffffffff
r[16-23]=0x00000000, 0x00000000, 0x00000000, 0x00000000, 0x00000000, 0x00000000, 0x00000000, 0x00000000
r[24-31]=0x00000000, 0x00000000, 0x00000000, 0x00000000, 0x00000000, 0x00000000, 0x00000000, 0x00000000
r[ 9] = 0xffffffff,
r[00-07]=0x00000000, 0x00000000, 0x00000000, 0x00000000, 0x00000000, 0x00000000, 0x00000000, 0x00000000
r[08-15]=0x00000000, 0xffffffff, 0xfffffffd, 0x00000004, 0x00000005, 0xffffffff, 0x00000004, 0xffffffff
r[16-23]=0x00000000, 0x00000000, 0x00000000, 0x00000000, 0x00000000, 0x00000000, 0x00000000, 0x00000000
r[24-31]=0x00000000, 0x00000000, 0x00000000, 0x00000000, 0x00000000, 0x00000000, 0x00000000, 0x00000000
r[ 9] = 0xffffffff,
PC = 0x00400044, instr = 0x014f5827
 CurrentPC :0x00400044 
r[00-07]=0x00000000, 0x00000000, 0x00000000, 0x00000000, 0x00000000, 0x00000000, 0x00000000, 0x00000000
r[08-15]=0x00000000, 0xffffffff, 0xfffffffd, 0x00000004, 0x00000005, 0xffffffff, 0x00000004, 0xffffffff
r[16-23]=0x00000000, 0x00000000, 0x00000000, 0x00000000, 0x00000000, 0x00000000, 0x00000000, 0x00000000
r[24-31]=0x00000000, 0x00000000, 0x00000000, 0x00000000, 0x00000000, 0x00000000, 0x00000000, 0x00000000
r[15] = 0xffffffff,
r[00-07]=0x00000000, 0x00000000, 0x00000000, 0x00000000, 0x00000000, 0x00000000, 0x00000000, 0x00000000
r[08-15]=0x00000000, 0xffffffff, 0xfffffffd, 0x00000004, 0x00000005, 0xffffffff, 0x00000004, 0xffffffff
r[16-23]=0x00000000, 0x00000000, 0x00000000, 0x00000000, 0x00000000, 0x00000000, 0x00000000, 0x00000000
r[24-31]=0x00000000, 0x00000000, 0x00000000, 0x00000000, 0x00000000, 0x00000000, 0x00000000, 0x00000000
r[15] = 0x00000001,
r[00-07]=0x00000000, 0x00000000, 0x00000000, 0x00000000, 0x00000000, 0x00000000, 0x00000000, 0x00000000
r[08-15]=0x00000000, 0xffffffff, 0xfffffffd, 0x00000004, 0x00000005, 0xffffffff, 0x00000004, 0x00000001
r[16-23]=0x00000000, 0x00000000, 0x00000000, 0x00000000, 0x00000000, 0x00000000, 0x00000000, 0x00000000
r[24-31]=0x00000000, 0x00000000, 0x00000000, 0x00000000, 0x00000000, 0x00000000, 0x00000000, 0x00000000
r[15] = 0x00000001,
PC = 0x00400048, instr = 0x01496826
 CurrentPC :0x00400048 
r[00-07]=0x00000000, 0x00000000, 0x00000000, 0x00000000, 0x00000000, 0x00000000, 0x00000000, 0x00000000
r[08-15]=0x00000000, 0xffffffff, 0xfffffffd, 0x00000004, 0x00000005, 0xffffffff, 0x00000004, 0x00000001
r[16-23]=0x00000000, 0x00000000, 0x00000000, 0x00000000, 0x00000000, 0x00000000, 0x00000000, 0x00000000
r[24-31]=0x00000000, 0x00000000, 0x00000000, 0x00000000, 0x00000000, 0x00000000, 0x00000000, 0x00000000
r[15] = 0x00000000,
r[00-07]=0x00000000, 0x00000000, 0x00000000, 0x00000000, 0x00000000, 0x00000000, 0x00000000, 0x00000000
r[08-15]=0x00000000, 0xffffffff, 0xfffffffd, 0x00000004, 0x00000005, 0xffffffff, 0x00000004, 0x00000000
r[16-23]=0x00000000, 0x00000000, 0x00000000, 0x00000000, 0x00000000, 0x00000000, 0x00000000, 0x00000000
r[24-31]=0x00000000, 0x00000000, 0x00000000, 0x00000000, 0x00000000, 0x00000000, 0x00000000, 0x00000000
r[15] = 0x00000000,
PC = 0x0040004c, instr = 0x000d6280
 CurrentPC :0x0040004c 
r[00-07]=0x00000000, 0x00000000, 0x00000000, 0x00000000, 0x00000000, 0x00000000, 0x00000000, 0x00000000
r[08-15]=0x00000000, 0xffffffff, 0xfffffffd, 0x00000004, 0x00000005, 0xffffffff, 0x00000004, 0x00000000
r[16-23]=0x00000000, 0x00000000, 0x00000000, 0x00000000, 0x00000000, 0x00000000, 0x00000000, 0x00000000
r[24-31]=0x00000000, 0x00000000, 0x00000000, 0x00000000, 0x00000000, 0x00000000, 0x00000000, 0x00000000
r[11] = 0x00000000,
r[00-07]=0x00000000, 0x00000000, 0x00000000, 0x00000000, 0x00000000, 0x00000000, 0x00000000, 0x00000000
r[08-15]=0x00000000, 0xffffffff, 0xfffffffd, 0x00000004, 0x00000005, 0xffffffff, 0x00000004, 0x00000000
r[16-23]=0x00000000, 0x00000000, 0x00000000, 0x00000000, 0x00000000, 0x00000000, 0x00000000, 0x00000000
r[24-31]=0x00000000, 0x00000000, 0x00000000, 0x00000000, 0x00000000, 0x00000000, 0x00000000, 0x00000000
r[11] = 0x00000002,
r[00-07]=0x00000000, 0x00000000, 0x00000000, 0x00000000, 0x00000000, 0x00000000, 0x00000000, 0x00000000
r[08-15]=0x00000000, 0xffffffff, 0xfffffffd, 0x00000002, 0x00000005, 0xffffffff, 0x00000004, 0x00000000
r[16-23]=0x00000000, 0x00000000, 0x00000000, 0x00000000, 0x00000000, 0x00000000, 0x00000000, 0x00000000
r[24-31]=0x00000000, 0x00000000, 0x00000000, 0x00000000, 0x00000000, 0x00000000, 0x00000000, 0x00000000
r[11] = 0x00000002,
PC = 0x00400050, instr = 0x000c5a42
 CurrentPC :0x00400050 
r[00-07]=0x00000000, 0x00000000, 0x00000000, 0x00000000, 0x00000000, 0x00000000, 0x00000000, 0x00000000
r[08-15]=0x00000000, 0xffffffff, 0xfffffffd, 0x00000002, 0x00000005, 0xffffffff, 0x00000004, 0x00000000
r[16-23]=0x00000000, 0x00000000, 0x00000000, 0x00000000, 0x00000000, 0x00000000, 0x00000000, 0x00000000
r[24-31]=0x00000000, 0x00000000, 0x00000000, 0x00000000, 0x00000000, 0x00000000, 0x00000000, 0x00000000
r[13] = 0x00000002,
r[00-07]=0x00000000, 0x00000000, 0x00000000, 0x00000000, 0x00000000, 0x00000000, 0x00000000, 0x00000000
r[08-15]=0x00000000, 0xffffffff, 0xfffffffd, 0x00000002, 0x00000005, 0x00000002, 0x00000004, 0x00000000
r[16-23]=0x00000000, 0x00000000, 0x00000000, 0x00000000, 0x00000000, 0x00000000, 0x00000000, 0x00000000
r[24-31]=0x00000000, 0x00000000, 0x00000000, 0x00000000, 0x00000000, 0x00000000, 0x00000000, 0x00000000
r[13] = 0x00000002,
PC = 0x00400054, instr = 0x000a7843
 CurrentPC :0x00400054 
r[00-07]=0x00000000, 0x00000000, 0x00000000, 0x00000000, 0x00000000, 0x00000000, 0x00000000, 0x00000000
r[08-15]=0x00000000, 0xffffffff, 0xfffffffd, 0x00000002, 0x00000005, 0x00000002, 0x00000004, 0x00000000
r[16-23]=0x00000000, 0x00000000, 0x00000000, 0x00000000, 0x00000000, 0x00000000, 0x00000000, 0x00000000
r[24-31]=0x00000000, 0x00000000, 0x00000000, 0x00000000, 0x00000000, 0x00000000, 0x00000000, 0x00000000
r[12] = 0x00000002,
r[00-07]=0x00000000, 0x00000000, 0x00000000, 0x00000000, 0x00000000, 0x00000000, 0x00000000, 0x00000000
r[08-15]=0x00000000, 0xffffffff, 0xfffffffd, 0x00000002, 0x00000005, 0x00000002, 0x00000004, 0x00000000
r[16-23]=0x00000000, 0x00000000, 0x00000000, 0x00000000, 0x00000000, 0x00000000, 0x00000000, 0x00000000
r[24-31]=0x00000000, 0x00000000, 0x00000000, 0x00000000, 0x00000000, 0x00000000, 0x00000000, 0x00000000
r[12] = 0x00000800,
r[00-07]=0x00000000, 0x00000000, 0x00000000, 0x00000000, 0x00000000, 0x00000000, 0x00000000, 0x00000000
r[08-15]=0x00000000, 0xffffffff, 0xfffffffd, 0x00000002, 0x00000800, 0x00000002, 0x00000004, 0x00000000
r[16-23]=0x00000000, 0x00000000, 0x00000000, 0x00000000, 0x00000000, 0x00000000, 0x00000000, 0x00000000
r[24-31]=0x00000000, 0x00000000, 0x00000000, 0x00000000, 0x00000000, 0x00000000, 0x00000000, 0x00000000
r[12] = 0x00000800,
PC = 0x00400058, instr = 0x016a6007
 CurrentPC :0x00400058 
r[00-07]=0x00000000, 0x00000000, 0x00000000, 0x00000000, 0x00000000, 0x00000000, 0x00000000, 0x00000000
r[08-15]=0x00000000, 0xffffffff, 0xfffffffd, 0x00000002, 0x00000800, 0x00000002, 0x00000004, 0x00000000
r[16-23]=0x00000000, 0x00000000, 0x00000000, 0x00000000, 0x00000000, 0x00000000, 0x00000000, 0x00000000
r[24-31]=0x00000000, 0x00000000, 0x00000000, 0x00000000, 0x00000000, 0x00000000, 0x00000000, 0x00000000
r[11] = 0x00000800,
r[00-07]=0x00000000, 0x00000000, 0x00000000, 0x00000000, 0x00000000, 0x00000000, 0x00000000, 0x00000000
r[08-15]=0x00000000, 0xffffffff, 0xfffffffd, 0x00000002, 0x00000800, 0x00000002, 0x00000004, 0x00000000
r[16-23]=0x00000000, 0x00000000, 0x00000000, 0x00000000, 0x00000000, 0x00000000, 0x00000000, 0x00000000
r[24-31]=0x00000000, 0x00000000, 0x00000000, 0x00000000, 0x00000000, 0x00000000, 0x00000000, 0x00000000
r[11] = 0x00000004,
r[00-07]=0x00000000, 0x00000000, 0x00000000, 0x00000000, 0x00000000, 0x00000000, 0x00000000, 0x00000000
r[08-15]=0x00000000, 0xffffffff, 0xfffffffd, 0x00000004, 0x00000800, 0x00000002, 0x00000004, 0x00000000
r[16-23]=0x00000000, 0x00000000, 0x00000000, 0x00000000, 0x00000000, 0x00000000, 0x00000000, 0x00000000
r[24-31]=0x00000000, 0x00000000, 0x00000000, 0x00000000, 0x00000000, 0x00000000, 0x00000000, 0x00000000
r[11] = 0x00000004,
PC = 0x0040005c, instr = 0x3c09ffff
 CurrentPC :0x0040005c 
r[00-07]=0x00000000, 0x00000000, 0x00000000, 0x00000000, 0x00000000, 0x00000000, 0x00000000, 0x00000000
r[08-15]=0x00000000, 0xffffffff, 0xfffffffd, 0x00000004, 0x00000800, 0x00000002, 0x00000004, 0x00000000
r[16-23]=0x00000000, 0x00000000, 0x00000000, 0x00000000, 0x00000000, 0x00000000, 0x00000000, 0x00000000
r[24-31]=0x00000000, 0x00000000, 0x00000000, 0x00000000, 0x00000000, 0x00000000, 0x00000000, 0x00000000
r[15] = 0x00000004,
r[00-07]=0x00000000, 0x00000000, 0x00000000, 0x00000000, 0x00000000, 0x00000000, 0x00000000, 0x00000000
r[08-15]=0x00000000, 0xffffffff, 0xfffffffd, 0x00000004, 0x00000800, 0x00000002, 0x00000004, 0x00000000
r[16-23]=0x00000000, 0x00000000, 0x00000000, 0x00000000, 0x00000000, 0x00000000, 0x00000000, 0x00000000
r[24-31]=0x00000000, 0x00000000, 0x00000000, 0x00000000, 0x00000000, 0x00000000, 0x00000000, 0x00000000
r[15] = 0xfffffffe,
r[00-07]=0x00000000, 0x00000000, 0x00000000, 0x00000000, 0x00000000, 0x00000000, 0x00000000, 0x00000000
r[08-15]=0x00000000, 0xffffffff, 0xfffffffd, 0x00000004, 0x00000800, 0x00000002, 0x00000004, 0xfffffffe
r[16-23]=0x00000000, 0x00000000, 0x00000000, 0x00000000, 0x00000000, 0x00000000, 0x00000000, 0x00000000
r[24-31]=0x00000000, 0x00000000, 0x00000000, 0x00000000, 0x00000000, 0x00000000, 0x00000000, 0x00000000
r[15] = 0xfffffffe,
PC = 0x00400060, instr = 0x012c7826
 CurrentPC :0x00400060 
r[00-07]=0x00000000, 0x00000000, 0x00000000, 0x00000000, 0x00000000, 0x00000000, 0x00000000, 0x00000000
r[08-15]=0x00000000, 0xffffffff, 0xfffffffd, 0x00000004, 0x00000800, 0x00000002, 0x00000004, 0xfffffffe
r[16-23]=0x00000000, 0x00000000, 0x00000000, 0x00000000, 0x00000000, 0x00000000, 0x00000000, 0x00000000
r[24-31]=0x00000000, 0x00000000, 0x00000000, 0x00000000, 0x00000000, 0x00000000, 0x00000000, 0x00000000
r[12] = 0xfffffffe,
r[00-07]=0x00000000, 0x00000000, 0x00000000, 0x00000000, 0x00000000, 0x00000000, 0x00000000, 0x00000000
r[08-15]=0x00000000, 0xffffffff, 0xfffffffd, 0x00000004, 0x00000800, 0x00000002, 0x00000004, 0xfffffffe
r[16-23]=0x00000000, 0x00000000, 0x00000000, 0x00000000, 0x00000000, 0x00000000, 0x00000000, 0x00000000
r[24-31]=0x00000000, 0x00000000, 0x00000000, 0x00000000, 0x00000000, 0x00000000, 0x00000000, 0x00000000
r[12] = 0xffffffff,
r[00-07]=0x00000000, 0x00000000, 0x00000000, 0x00000000, 0x00000000, 0x00000000, 0x00000000, 0x00000000
r[08-15]=0x00000000, 0xffffffff, 0xfffffffd, 0x00000004, 0xffffffff, 0x00000002, 0x00000004, 0xfffffffe
r[16-23]=0x00000000, 0x00000000, 0x00000000, 0x00000000, 0x00000000, 0x00000000, 0x00000000, 0x00000000
r[24-31]=0x00000000, 0x00000000, 0x00000000, 0x00000000, 0x00000000, 0x00000000, 0x00000000, 0x00000000
r[12] = 0xffffffff,
PC = 0x00400064, instr = 0x01696007
 CurrentPC :0x00400064 
r[00-07]=0x00000000, 0x00000000, 0x00000000, 0x00000000, 0x00000000, 0x00000000, 0x00000000, 0x00000000
r[08-15]=0x00000000, 0xffffffff, 0xfffffffd, 0x00000004, 0xffffffff, 0x00000002, 0x00000004, 0xfffffffe
r[16-23]=0x00000000, 0x00000000, 0x00000000, 0x00000000, 0x00000000, 0x00000000, 0x00000000, 0x00000000
r[24-31]=0x00000000, 0x00000000, 0x00000000, 0x00000000, 0x00000000, 0x00000000, 0x00000000, 0x00000000
r[ 9] = 0xffffffff,
r[00-07]=0x00000000, 0x00000000, 0x00000000, 0x00000000, 0x00000000, 0x00000000, 0x00000000, 0x00000000
r[08-15]=0x00000000, 0xffffffff, 0xfffffffd, 0x00000004, 0xffffffff, 0x00000002, 0x00000004, 0xfffffffe
r[16-23]=0x00000000, 0x00000000, 0x00000000, 0x00000000, 0x00000000, 0x00000000, 0x00000000, 0x00000000
r[24-31]=0x00000000, 0x00000000, 0x00000000, 0x00000000, 0x00000000, 0x00000000, 0x00000000, 0x00000000
r[ 9] = 0xffff0000,
r[00-07]=0x00000000, 0x00000000, 0x00000000, 0x00000000, 0x00000000, 0x00000000, 0x00000000, 0x00000000
r[08-15]=0x00000000, 0xffff0000, 0xfffffffd, 0x00000004, 0xffffffff, 0x00000002, 0x00000004, 0xfffffffe
r[16-23]=0x00000000, 0x00000000, 0x00000000, 0x00000000, 0x00000000, 0x00000000, 0x00000000, 0x00000000
r[24-31]=0x00000000, 0x00000000, 0x00000000, 0x00000000, 0x00000000, 0x00000000, 0x00000000, 0x00000000
r[ 9] = 0xffff0000,
PC = 0x00400068, instr = 0x01696806
 CurrentPC :0x00400068 
r[00-07]=0x00000000, 0x00000000, 0x00000000, 0x00000000, 0x00000000, 0x00000000, 0x00000000, 0x00000000
r[08-15]=0x00000000, 0xffff0000, 0xfffffffd, 0x00000004, 0xffffffff, 0x00000002, 0x00000004, 0xfffffffe
r[16-23]=0x00000000, 0x00000000, 0x00000000, 0x00000000, 0x00000000, 0x00000000, 0x00000000, 0x00000000
r[24-31]=0x00000000, 0x00000000, 0x00000000, 0x00000000, 0x00000000, 0x00000000, 0x00000000, 0x00000000
r[15] = 0xffff0000,
r[00-07]=0x00000000, 0x00000000, 0x00000000, 0x00000000, 0x00000000, 0x00000000, 0x00000000, 0x00000000
r[08-15]=0x00000000, 0xffff0000, 0xfffffffd, 0x00000004, 0xffffffff, 0x00000002, 0x00000004, 0xfffffffe
r[16-23]=0x00000000, 0x00000000, 0x00000000, 0x00000000, 0x00000000, 0x00000000, 0x00000000, 0x00000000
r[24-31]=0x00000000, 0x00000000, 0x00000000, 0x00000000, 0x00000000, 0x00000000, 0x00000000, 0x00000000
r[15] = 0x0000ffff,
r[00-07]=0x00000000, 0x00000000, 0x00000000, 0x00000000, 0x00000000, 0x00000000, 0x00000000, 0x00000000
r[08-15]=0x00000000, 0xffff0000, 0xfffffffd, 0x00000004, 0xffffffff, 0x00000002, 0x00000004, 0x0000ffff
r[16-23]=0x00000000, 0x00000000, 0x00000000, 0x00000000, 0x00000000, 0x00000000, 0x00000000, 0x00000000
r[24-31]=0x00000000, 0x00000000, 0x00000000, 0x00000000, 0x00000000, 0x00000000, 0x00000000, 0x00000000
r[15] = 0x0000ffff,
PC = 0x0040006c, instr = 0x01696804
 CurrentPC :0x0040006c 
r[00-07]=0x00000000, 0x00000000, 0x00000000, 0x00000000, 0x00000000, 0x00000000, 0x00000000, 0x00000000
r[08-15]=0x00000000, 0xffff0000, 0xfffffffd, 0x00000004, 0xffffffff, 0x00000002, 0x00000004, 0x0000ffff
r[16-23]=0x00000000, 0x00000000, 0x00000000, 0x00000000, 0x00000000, 0x00000000, 0x00000000, 0x00000000
r[24-31]=0x00000000, 0x00000000, 0x00000000, 0x00000000, 0x00000000, 0x00000000, 0x00000000, 0x00000000
r[12] = 0x0000ffff,
r[00-07]=0x00000000, 0x00000000, 0x00000000, 0x00000000, 0x00000000, 0x00000000, 0x00000000, 0x00000000
r[08-15]=0x00000000, 0xffff0000, 0xfffffffd, 0x00000004, 0xffffffff, 0x00000002, 0x00000004, 0x0000ffff
r[16-23]=0x00000000, 0x00000000, 0x00000000, 0x00000000, 0x00000000, 0x00000000, 0x00000000, 0x00000000
r[24-31]=0x00000000, 0x00000000, 0x00000000, 0x00000000, 0x00000000, 0x00000000, 0x00000000, 0x00000000
r[12] = 0xfffff000,
r[00-07]=0x00000000, 0x00000000, 0x00000000, 0x00000000, 0x00000000, 0x00000000, 0x00000000, 0x00000000
r[08-15]=0x00000000, 0xffff0000, 0xfffffffd, 0x00000004, 0xfffff000, 0x00000002, 0x00000004, 0x0000ffff
r[16-23]=0x00000000, 0x00000000, 0x00000000, 0x00000000, 0x00000000, 0x00000000, 0x00000000, 0x00000000
r[24-31]=0x00000000, 0x00000000, 0x00000000, 0x00000000, 0x00000000, 0x00000000, 0x00000000, 0x00000000
r[12] = 0xfffff000,
PC = 0x00400070, instr = 0x3c0a1001
 CurrentPC :0x00400070 
r[00-07]=0x00000000, 0x00000000, 0x00000000, 0x00000000, 0x00000000, 0x00000000, 0x00000000, 0x00000000
r[08-15]=0x00000000, 0xffff0000, 0xfffffffd, 0x00000004, 0xfffff000, 0x00000002, 0x00000004, 0x0000ffff
r[16-23]=0x00000000, 0x00000000, 0x00000000, 0x00000000, 0x00000000, 0x00000000, 0x00000000, 0x00000000
r[24-31]=0x00000000, 0x00000000, 0x00000000, 0x00000000, 0x00000000, 0x00000000, 0x00000000, 0x00000000
r[13] = 0xfffff000,
r[00-07]=0x00000000, 0x00000000, 0x00000000, 0x00000000, 0x00000000, 0x00000000, 0x00000000, 0x00000000
r[08-15]=0x00000000, 0xffff0000, 0xfffffffd, 0x00000004, 0xfffff000, 0x00000002, 0x00000004, 0x0000ffff
r[16-23]=0x00000000, 0x00000000, 0x00000000, 0x00000000, 0x00000000, 0x00000000, 0x00000000, 0x00000000
r[24-31]=0x00000000, 0x00000000, 0x00000000, 0x00000000, 0x00000000, 0x00000000, 0x00000000, 0x00000000
r[13] = 0x0ffff000,
r[00-07]=0x00000000, 0x00000000, 0x00000000, 0x00000000, 0x00000000, 0x00000000, 0x00000000, 0x00000000
r[08-15]=0x00000000, 0xffff0000, 0xfffffffd, 0x00000004, 0xfffff000, 0x0ffff000, 0x00000004, 0x0000ffff
r[16-23]=0x00000000, 0x00000000, 0x00000000, 0x00000000, 0x00000000, 0x00000000, 0x00000000, 0x00000000
r[24-31]=0x00000000, 0x00000000, 0x00000000, 0x00000000, 0x00000000, 0x00000000, 0x00000000, 0x00000000
r[13] = 0x0ffff000,
PC = 0x00400074, instr = 0xad4b0000
 CurrentPC :0x00400074 
r[00-07]=0x00000000, 0x00000000, 0x00000000, 0x00000000, 0x00000000, 0x00000000, 0x00000000, 0x00000000
r[08-15]=0x00000000, 0xffff0000, 0xfffffffd, 0x00000004, 0xfffff000, 0x0ffff000, 0x00000004, 0x0000ffff
r[16-23]=0x00000000, 0x00000000, 0x00000000, 0x00000000, 0x00000000, 0x00000000, 0x00000000, 0x00000000
r[24-31]=0x00000000, 0x00000000, 0x00000000, 0x00000000, 0x00000000, 0x00000000, 0x00000000, 0x00000000
r[13] = 0xfff00000,
r[00-07]=0x00000000, 0x00000000, 0x00000000, 0x00000000, 0x00000000, 0x00000000, 0x00000000, 0x00000000
r[08-15]=0x00000000, 0xffff0000, 0xfffffffd, 0x00000004, 0xfffff000, 0xfff00000, 0x00000004, 0x0000ffff
r[16-23]=0x00000000, 0x00000000, 0x00000000, 0x00000000, 0x00000000, 0x00000000, 0x00000000, 0x00000000
r[24-31]=0x00000000, 0x00000000, 0x00000000, 0x00000000, 0x00000000, 0x00000000, 0x00000000, 0x00000000
r[13] = 0xfff00000,
PC = 0x00400078, instr = 0x8d4c0000
 CurrentPC :0x00400078 
dmem[0x00000000] = 0x00000004,
r[00-07]=0x00000000, 0x00000000, 0x00000000, 0x00000000, 0x00000000, 0x00000000, 0x00000000, 0x00000000
r[08-15]=0x00000000, 0xffff0000, 0xfffffffd, 0x00000004, 0xfffff000, 0xfff00000, 0x00000004, 0x0000ffff
r[16-23]=0x00000000, 0x00000000, 0x00000000, 0x00000000, 0x00000000, 0x00000000, 0x00000000, 0x00000000
r[24-31]=0x00000000, 0x00000000, 0x00000000, 0x00000000, 0x00000000, 0x00000000, 0x00000000, 0x00000000
r[10] = 0xfff00000,
r[00-07]=0x00000000, 0x00000000, 0x00000000, 0x00000000, 0x00000000, 0x00000000, 0x00000000, 0x00000000
r[08-15]=0x00000000, 0xffff0000, 0xfffffffd, 0x00000004, 0xfffff000, 0xfff00000, 0x00000004, 0x0000ffff
r[16-23]=0x00000000, 0x00000000, 0x00000000, 0x00000000, 0x00000000, 0x00000000, 0x00000000, 0x00000000
r[24-31]=0x00000000, 0x00000000, 0x00000000, 0x00000000, 0x00000000, 0x00000000, 0x00000000, 0x00000000
r[10] = 0x10010000,
r[00-07]=0x00000000, 0x00000000, 0x00000000, 0x00000000, 0x00000000, 0x00000000, 0x00000000, 0x00000000
r[08-15]=0x00000000, 0xffff0000, 0x10010000, 0x00000004, 0xfffff000, 0xfff00000, 0x00000004, 0x0000ffff
r[16-23]=0x00000000, 0x00000000, 0x00000000, 0x00000000, 0x00000000, 0x00000000, 0x00000000, 0x00000000
r[24-31]=0x00000000, 0x00000000, 0x00000000, 0x00000000, 0x00000000, 0x00000000, 0x00000000, 0x00000000
r[10] = 0x10010000,
PC = 0x0040007c, instr = 0x218c0001
 CurrentPC :0x0040007c 
r[00-07]=0x00000000, 0x00000000, 0x00000000, 0x00000000, 0x00000000, 0x00000000, 0x00000000, 0x00000000
r[08-15]=0x00000000, 0xffff0000, 0x10010000, 0x00000004, 0xfffff000, 0xfff00000, 0x00000004, 0x0000ffff
r[16-23]=0x00000000, 0x00000000, 0x00000000, 0x00000000, 0x00000000, 0x00000000, 0x00000000, 0x00000000
r[24-31]=0x00000000, 0x00000000, 0x00000000, 0x00000000, 0x00000000, 0x00000000, 0x00000000, 0x00000000
r[12] = 0x10010000,
r[00-07]=0x00000000, 0x00000000, 0x00000000, 0x00000000, 0x00000000, 0x00000000, 0x00000000, 0x00000000
r[08-15]=0x00000000, 0xffff0000, 0x10010000, 0x00000004, 0xfffff000, 0xfff00000, 0x00000004, 0x0000ffff
r[16-23]=0x00000000, 0x00000000, 0x00000000, 0x00000000, 0x00000000, 0x00000000, 0x00000000, 0x00000000
r[24-31]=0x00000000, 0x00000000, 0x00000000, 0x00000000, 0x00000000, 0x00000000, 0x00000000, 0x00000000
r[12] = 0xxxxxxxxx,
r[00-07]=0x00000000, 0x00000000, 0x00000000, 0x00000000, 0x00000000, 0x00000000, 0x00000000, 0x00000000
r[08-15]=0x00000000, 0xffff0000, 0x10010000, 0x00000004, 0xfffff000, 0xfff00000, 0x00000004, 0x0000ffff
r[16-23]=0x00000000, 0x00000000, 0x00000000, 0x00000000, 0x00000000, 0x00000000, 0x00000000, 0x00000000
r[24-31]=0x00000000, 0x00000000, 0x00000000, 0x00000000, 0x00000000, 0x00000000, 0x00000000, 0x00000000
r[12] = 0x00000004,
r[00-07]=0x00000000, 0x00000000, 0x00000000, 0x00000000, 0x00000000, 0x00000000, 0x00000000, 0x00000000
r[08-15]=0x00000000, 0xffff0000, 0x10010000, 0x00000004, 0x00000004, 0xfff00000, 0x00000004, 0x0000ffff
r[16-23]=0x00000000, 0x00000000, 0x00000000, 0x00000000, 0x00000000, 0x00000000, 0x00000000, 0x00000000
r[24-31]=0x00000000, 0x00000000, 0x00000000, 0x00000000, 0x00000000, 0x00000000, 0x00000000, 0x00000000
r[12] = 0x00000004,
PC = 0x00400080, instr = 0x298b0006
 CurrentPC :0x00400080 
PC = 0x00400088, instr = 0x116b0001
 CurrentPC :0x00400088 
r[00-07]=0x00000000, 0x00000000, 0x00000000, 0x00000000, 0x00000000, 0x00000000, 0x00000000, 0x00000000
r[08-15]=0x00000000, 0xffff0000, 0x10010000, 0x00000004, 0x00000004, 0xfff00000, 0x00000004, 0x0000ffff
r[16-23]=0x00000000, 0x00000000, 0x00000000, 0x00000000, 0x00000000, 0x00000000, 0x00000000, 0x00000000
r[24-31]=0x00000000, 0x00000000, 0x00000000, 0x00000000, 0x00000000, 0x00000000, 0x00000000, 0x00000000
r[12] = 0x10010000,
r[00-07]=0x00000000, 0x00000000, 0x00000000, 0x00000000, 0x00000000, 0x00000000, 0x00000000, 0x00000000
r[08-15]=0x00000000, 0xffff0000, 0x10010000, 0x00000004, 0x00000004, 0xfff00000, 0x00000004, 0x0000ffff
r[16-23]=0x00000000, 0x00000000, 0x00000000, 0x00000000, 0x00000000, 0x00000000, 0x00000000, 0x00000000
r[24-31]=0x00000000, 0x00000000, 0x00000000, 0x00000000, 0x00000000, 0x00000000, 0x00000000, 0x00000000
r[12] = 0x00000005,
r[00-07]=0x00000000, 0x00000000, 0x00000000, 0x00000000, 0x00000000, 0x00000000, 0x00000000, 0x00000000
r[08-15]=0x00000000, 0xffff0000, 0x10010000, 0x00000004, 0x00000005, 0xfff00000, 0x00000004, 0x0000ffff
r[16-23]=0x00000000, 0x00000000, 0x00000000, 0x00000000, 0x00000000, 0x00000000, 0x00000000, 0x00000000
r[24-31]=0x00000000, 0x00000000, 0x00000000, 0x00000000, 0x00000000, 0x00000000, 0x00000000, 0x00000000
r[12] = 0x00000005,
PC = 0x0040008c, instr = 0x20090064
 CurrentPC :0x0040008c 
r[00-07]=0x00000000, 0x00000000, 0x00000000, 0x00000000, 0x00000000, 0x00000000, 0x00000000, 0x00000000
r[08-15]=0x00000000, 0xffff0000, 0x10010000, 0x00000004, 0x00000005, 0xfff00000, 0x00000004, 0x0000ffff
r[16-23]=0x00000000, 0x00000000, 0x00000000, 0x00000000, 0x00000000, 0x00000000, 0x00000000, 0x00000000
r[24-31]=0x00000000, 0x00000000, 0x00000000, 0x00000000, 0x00000000, 0x00000000, 0x00000000, 0x00000000
r[11] = 0x00000005,
r[00-07]=0x00000000, 0x00000000, 0x00000000, 0x00000000, 0x00000000, 0x00000000, 0x00000000, 0x00000000
r[08-15]=0x00000000, 0xffff0000, 0x10010000, 0x00000004, 0x00000005, 0xfff00000, 0x00000004, 0x0000ffff
r[16-23]=0x00000000, 0x00000000, 0x00000000, 0x00000000, 0x00000000, 0x00000000, 0x00000000, 0x00000000
r[24-31]=0x00000000, 0x00000000, 0x00000000, 0x00000000, 0x00000000, 0x00000000, 0x00000000, 0x00000000
r[11] = 0x00000001,
r[00-07]=0x00000000, 0x00000000, 0x00000000, 0x00000000, 0x00000000, 0x00000000, 0x00000000, 0x00000000
r[08-15]=0x00000000, 0xffff0000, 0x10010000, 0x00000001, 0x00000005, 0xfff00000, 0x00000004, 0x0000ffff
r[16-23]=0x00000000, 0x00000000, 0x00000000, 0x00000000, 0x00000000, 0x00000000, 0x00000000, 0x00000000
r[24-31]=0x00000000, 0x00000000, 0x00000000, 0x00000000, 0x00000000, 0x00000000, 0x00000000, 0x00000000
r[11] = 0x00000001,
PC = 0x00400090, instr = 0xa1490008
 CurrentPC :0x00400090 
PC = 0x00400094, instr = 0x814b0008
 CurrentPC :0x00400094 
dmem[0x00000008] = 0x00000064,
r[00-07]=0x00000000, 0x00000000, 0x00000000, 0x00000000, 0x00000000, 0x00000000, 0x00000000, 0x00000000
r[08-15]=0x00000000, 0xffff0000, 0x10010000, 0x00000001, 0x00000005, 0xfff00000, 0x00000004, 0x0000ffff
r[16-23]=0x00000000, 0x00000000, 0x00000000, 0x00000000, 0x00000000, 0x00000000, 0x00000000, 0x00000000
r[24-31]=0x00000000, 0x00000000, 0x00000000, 0x00000000, 0x00000000, 0x00000000, 0x00000000, 0x00000000
r[ 9] = 0x00000000,
r[00-07]=0x00000000, 0x00000000, 0x00000000, 0x00000000, 0x00000000, 0x00000000, 0x00000000, 0x00000000
r[08-15]=0x00000000, 0xffff0000, 0x10010000, 0x00000001, 0x00000005, 0xfff00000, 0x00000004, 0x0000ffff
r[16-23]=0x00000000, 0x00000000, 0x00000000, 0x00000000, 0x00000000, 0x00000000, 0x00000000, 0x00000000
r[24-31]=0x00000000, 0x00000000, 0x00000000, 0x00000000, 0x00000000, 0x00000000, 0x00000000, 0x00000000
r[ 9] = 0x00000064,
r[00-07]=0x00000000, 0x00000000, 0x00000000, 0x00000000, 0x00000000, 0x00000000, 0x00000000, 0x00000000
r[08-15]=0x00000000, 0x00000064, 0x10010000, 0x00000001, 0x00000005, 0xfff00000, 0x00000004, 0x0000ffff
r[16-23]=0x00000000, 0x00000000, 0x00000000, 0x00000000, 0x00000000, 0x00000000, 0x00000000, 0x00000000
r[24-31]=0x00000000, 0x00000000, 0x00000000, 0x00000000, 0x00000000, 0x00000000, 0x00000000, 0x00000000
r[ 9] = 0x00000064,
PC = 0x0040009c, instr = 0x15600001
 CurrentPC :0x0040009c 
r[00-07]=0x00000000, 0x00000000, 0x00000000, 0x00000000, 0x00000000, 0x00000000, 0x00000000, 0x00000000
r[08-15]=0x00000000, 0x00000064, 0x10010000, 0x00000001, 0x00000005, 0xfff00000, 0x00000004, 0x0000ffff
r[16-23]=0x00000000, 0x00000000, 0x00000000, 0x00000000, 0x00000000, 0x00000000, 0x00000000, 0x00000000
r[24-31]=0x00000000, 0x00000000, 0x00000000, 0x00000000, 0x00000000, 0x00000000, 0x00000000, 0x00000000
r[11] = 0x10010008,
r[00-07]=0x00000000, 0x00000000, 0x00000000, 0x00000000, 0x00000000, 0x00000000, 0x00000000, 0x00000000
r[08-15]=0x00000000, 0x00000064, 0x10010000, 0x00000001, 0x00000005, 0xfff00000, 0x00000004, 0x0000ffff
r[16-23]=0x00000000, 0x00000000, 0x00000000, 0x00000000, 0x00000000, 0x00000000, 0x00000000, 0x00000000
r[24-31]=0x00000000, 0x00000000, 0x00000000, 0x00000000, 0x00000000, 0x00000000, 0x00000000, 0x00000000
r[11] = 0x00000064,
r[00-07]=0x00000000, 0x00000000, 0x00000000, 0x00000000, 0x00000000, 0x00000000, 0x00000000, 0x00000000
r[08-15]=0x00000000, 0x00000064, 0x10010000, 0x00000064, 0x00000005, 0xfff00000, 0x00000004, 0x0000ffff
r[16-23]=0x00000000, 0x00000000, 0x00000000, 0x00000000, 0x00000000, 0x00000000, 0x00000000, 0x00000000
r[24-31]=0x00000000, 0x00000000, 0x00000000, 0x00000000, 0x00000000, 0x00000000, 0x00000000, 0x00000000
r[11] = 0x00000064,
PC = 0x004000a0, instr = 0x200cff9c
 CurrentPC :0x004000a0 
PC = 0x004000a4, instr = 0xa54c000c
 CurrentPC :0x004000a4 
PC = 0x004000a8, instr = 0xad4c0004
 CurrentPC :0x004000a8 
dmem[0x0000000c] = 0xffffff9c,
r[00-07]=0x00000000, 0x00000000, 0x00000000, 0x00000000, 0x00000000, 0x00000000, 0x00000000, 0x00000000
r[08-15]=0x00000000, 0x00000064, 0x10010000, 0x00000064, 0x00000005, 0xfff00000, 0x00000004, 0x0000ffff
r[16-23]=0x00000000, 0x00000000, 0x00000000, 0x00000000, 0x00000000, 0x00000000, 0x00000000, 0x00000000
r[24-31]=0x00000000, 0x00000000, 0x00000000, 0x00000000, 0x00000000, 0x00000000, 0x00000000, 0x00000000
r[12] = 0x00000064,
r[00-07]=0x00000000, 0x00000000, 0x00000000, 0x00000000, 0x00000000, 0x00000000, 0x00000000, 0x00000000
r[08-15]=0x00000000, 0x00000064, 0x10010000, 0x00000064, 0x00000005, 0xfff00000, 0x00000004, 0x0000ffff
r[16-23]=0x00000000, 0x00000000, 0x00000000, 0x00000000, 0x00000000, 0x00000000, 0x00000000, 0x00000000
r[24-31]=0x00000000, 0x00000000, 0x00000000, 0x00000000, 0x00000000, 0x00000000, 0x00000000, 0x00000000
r[12] = 0xffffff9c,
r[00-07]=0x00000000, 0x00000000, 0x00000000, 0x00000000, 0x00000000, 0x00000000, 0x00000000, 0x00000000
r[08-15]=0x00000000, 0x00000064, 0x10010000, 0x00000064, 0xffffff9c, 0xfff00000, 0x00000004, 0x0000ffff
r[16-23]=0x00000000, 0x00000000, 0x00000000, 0x00000000, 0x00000000, 0x00000000, 0x00000000, 0x00000000
r[24-31]=0x00000000, 0x00000000, 0x00000000, 0x00000000, 0x00000000, 0x00000000, 0x00000000, 0x00000000
r[12] = 0xffffff9c,
PC = 0x004000ac, instr = 0x854b0004
 CurrentPC :0x004000ac 
dmem[0x00000004] = 0xffffff9c,
PC = 0x004000b0, instr = 0x954d0004
 CurrentPC :0x004000b0 
PC = 0x004000b4, instr = 0x914c0004
 CurrentPC :0x004000b4 
r[00-07]=0x00000000, 0x00000000, 0x00000000, 0x00000000, 0x00000000, 0x00000000, 0x00000000, 0x00000000
r[08-15]=0x00000000, 0x00000064, 0x10010000, 0x00000064, 0xffffff9c, 0xfff00000, 0x00000004, 0x0000ffff
r[16-23]=0x00000000, 0x00000000, 0x00000000, 0x00000000, 0x00000000, 0x00000000, 0x00000000, 0x00000000
r[24-31]=0x00000000, 0x00000000, 0x00000000, 0x00000000, 0x00000000, 0x00000000, 0x00000000, 0x00000000
r[11] = 0x10010004,
r[00-07]=0x00000000, 0x00000000, 0x00000000, 0x00000000, 0x00000000, 0x00000000, 0x00000000, 0x00000000
r[08-15]=0x00000000, 0x00000064, 0x10010000, 0x00000064, 0xffffff9c, 0xfff00000, 0x00000004, 0x0000ffff
r[16-23]=0x00000000, 0x00000000, 0x00000000, 0x00000000, 0x00000000, 0x00000000, 0x00000000, 0x00000000
r[24-31]=0x00000000, 0x00000000, 0x00000000, 0x00000000, 0x00000000, 0x00000000, 0x00000000, 0x00000000
r[11] = 0xffffff9c,
r[00-07]=0x00000000, 0x00000000, 0x00000000, 0x00000000, 0x00000000, 0x00000000, 0x00000000, 0x00000000
r[08-15]=0x00000000, 0x00000064, 0x10010000, 0xffffff9c, 0xffffff9c, 0xfff00000, 0x00000004, 0x0000ffff
r[16-23]=0x00000000, 0x00000000, 0x00000000, 0x00000000, 0x00000000, 0x00000000, 0x00000000, 0x00000000
r[24-31]=0x00000000, 0x00000000, 0x00000000, 0x00000000, 0x00000000, 0x00000000, 0x00000000, 0x00000000
r[11] = 0xffffff9c,
PC = 0x004000b8, instr = 0xxxxxxxxx
 CurrentPC :0x004000b8 
r[00-07]=0x00000000, 0x00000000, 0x00000000, 0x00000000, 0x00000000, 0x00000000, 0x00000000, 0x00000000
r[08-15]=0x00000000, 0x00000064, 0x10010000, 0xffffff9c, 0xffffff9c, 0xfff00000, 0x00000004, 0x0000ffff
r[16-23]=0x00000000, 0x00000000, 0x00000000, 0x00000000, 0x00000000, 0x00000000, 0x00000000, 0x00000000
r[24-31]=0x00000000, 0x00000000, 0x00000000, 0x00000000, 0x00000000, 0x00000000, 0x00000000, 0x00000000
r[13] = 0xffffff9c,
r[00-07]=0x00000000, 0x00000000, 0x00000000, 0x00000000, 0x00000000, 0x00000000, 0x00000000, 0x00000000
r[08-15]=0x00000000, 0x00000064, 0x10010000, 0xffffff9c, 0xffffff9c, 0xfff00000, 0x00000004, 0x0000ffff
r[16-23]=0x00000000, 0x00000000, 0x00000000, 0x00000000, 0x00000000, 0x00000000, 0x00000000, 0x00000000
r[24-31]=0x00000000, 0x00000000, 0x00000000, 0x00000000, 0x00000000, 0x00000000, 0x00000000, 0x00000000
r[13] = 0x0000ff9c,
r[00-07]=0x00000000, 0x00000000, 0x00000000, 0x00000000, 0x00000000, 0x00000000, 0x00000000, 0x00000000
r[08-15]=0x00000000, 0x00000064, 0x10010000, 0xffffff9c, 0xffffff9c, 0x0000ff9c, 0x00000004, 0x0000ffff
r[16-23]=0x00000000, 0x00000000, 0x00000000, 0x00000000, 0x00000000, 0x00000000, 0x00000000, 0x00000000
r[24-31]=0x00000000, 0x00000000, 0x00000000, 0x00000000, 0x00000000, 0x00000000, 0x00000000, 0x00000000
r[13] = 0x0000ff9c,
PC = 0x004000bc, instr = 0xxxxxxxxx
 CurrentPC :0x004000bc 
r[00-07]=0x00000000, 0x00000000, 0x00000000, 0x00000000, 0x00000000, 0x00000000, 0x00000000, 0x00000000
r[08-15]=0x00000000, 0x00000064, 0x10010000, 0xffffff9c, 0xffffff9c, 0x0000ff9c, 0x00000004, 0x0000ffff
r[16-23]=0x00000000, 0x00000000, 0x00000000, 0x00000000, 0x00000000, 0x00000000, 0x00000000, 0x00000000
r[24-31]=0x00000000, 0x00000000, 0x00000000, 0x00000000, 0x00000000, 0x00000000, 0x00000000, 0x00000000
r[12] = 0x0000ff9c,
r[00-07]=0x00000000, 0x00000000, 0x00000000, 0x00000000, 0x00000000, 0x00000000, 0x00000000, 0x00000000
r[08-15]=0x00000000, 0x00000064, 0x10010000, 0xffffff9c, 0xffffff9c, 0x0000ff9c, 0x00000004, 0x0000ffff
r[16-23]=0x00000000, 0x00000000, 0x00000000, 0x00000000, 0x00000000, 0x00000000, 0x00000000, 0x00000000
r[24-31]=0x00000000, 0x00000000, 0x00000000, 0x00000000, 0x00000000, 0x00000000, 0x00000000, 0x00000000
r[12] = 0x0000009c,
r[00-07]=0x00000000, 0x00000000, 0x00000000, 0x00000000, 0x00000000, 0x00000000, 0x00000000, 0x00000000
r[08-15]=0x00000000, 0x00000064, 0x10010000, 0xffffff9c, 0x0000009c, 0x0000ff9c, 0x00000004, 0x0000ffff
r[16-23]=0x00000000, 0x00000000, 0x00000000, 0x00000000, 0x00000000, 0x00000000, 0x00000000, 0x00000000
r[24-31]=0x00000000, 0x00000000, 0x00000000, 0x00000000, 0x00000000, 0x00000000, 0x00000000, 0x00000000
r[12] = 0x0000009c,
PC = 0x004000c0, instr = 0xxxxxxxxx
 CurrentPC :0x004000c0 
PC = 0x004000c4, instr = 0xxxxxxxxx
 CurrentPC :0x004000c4 
PC = 0x004000c8, instr = 0xxxxxxxxx
 CurrentPC :0x004000c8 
PC = 0x004000cc, instr = 0xxxxxxxxx
 CurrentPC :0x004000cc 
PC = 0x004000d0, instr = 0xxxxxxxxx
 CurrentPC :0x004000d0 
PC = 0x004000d4, instr = 0xxxxxxxxx
 CurrentPC :0x004000d4 
PC = 0x004000d8, instr = 0xxxxxxxxx
 CurrentPC :0x004000d8 
PC = 0x004000dc, instr = 0xxxxxxxxx
 CurrentPC :0x004000dc 
PC = 0x004000e0, instr = 0xxxxxxxxx
 CurrentPC :0x004000e0 
PC = 0x004000e4, instr = 0xxxxxxxxx
 CurrentPC :0x004000e4 
PC = 0x004000e8, instr = 0xxxxxxxxx
 CurrentPC :0x004000e8 
PC = 0x004000ec, instr = 0xxxxxxxxx
 CurrentPC :0x004000ec 
PC = 0x004000f0, instr = 0xxxxxxxxx
 CurrentPC :0x004000f0 
PC = 0x004000f4, instr = 0xxxxxxxxx
 CurrentPC :0x004000f4 
PC = 0x004000f8, instr = 0xxxxxxxxx
 CurrentPC :0x004000f8 
PC = 0x004000fc, instr = 0xxxxxxxxx
 CurrentPC :0x004000fc 
PC = 0x00400100, instr = 0xxxxxxxxx
 CurrentPC :0x00400100 
PC = 0x00400104, instr = 0xxxxxxxxx
 CurrentPC :0x00400104 
PC = 0x00400108, instr = 0xxxxxxxxx
 CurrentPC :0x00400108 
PC = 0x0040010c, instr = 0xxxxxxxxx
 CurrentPC :0x0040010c 
PC = 0x00400110, instr = 0xxxxxxxxx
 CurrentPC :0x00400110 
PC = 0x00400114, instr = 0xxxxxxxxx
 CurrentPC :0x00400114 
PC = 0x00400118, instr = 0xxxxxxxxx
 CurrentPC :0x00400118 
PC = 0x0040011c, instr = 0xxxxxxxxx
 CurrentPC :0x0040011c 
PC = 0x00400120, instr = 0xxxxxxxxx
 CurrentPC :0x00400120 
PC = 0x00400124, instr = 0xxxxxxxxx
 CurrentPC :0x00400124 
PC = 0x00400128, instr = 0xxxxxxxxx
 CurrentPC :0x00400128 
PC = 0x0040012c, instr = 0xxxxxxxxx
 CurrentPC :0x0040012c 
PC = 0x00400130, instr = 0xxxxxxxxx
 CurrentPC :0x00400130 
PC = 0x00400134, instr = 0xxxxxxxxx
 CurrentPC :0x00400134 
PC = 0x00400138, instr = 0xxxxxxxxx
 CurrentPC :0x00400138 
PC = 0x0040013c, instr = 0xxxxxxxxx
